
sort.elf:     ファイル形式 elf32-littleriscv


セクション .text.init の逆アセンブル:

00000000 <_start>:
   0:	00000093          	li	ra,0
   4:	00000113          	li	sp,0
   8:	00000193          	li	gp,0
   c:	00000213          	li	tp,0
  10:	00000293          	li	t0,0
  14:	00000313          	li	t1,0
  18:	00000393          	li	t2,0
  1c:	00000413          	li	s0,0
  20:	00000493          	li	s1,0
  24:	01c000ef          	jal	ra,40 <jump_target>
  28:	06f00513          	li	a0,111
  2c:	00000593          	li	a1,0
  30:	00000613          	li	a2,0
  34:	00000693          	li	a3,0
  38:	00000713          	li	a4,0
  3c:	00000793          	li	a5,0

00000040 <jump_target>:
  40:	3e700193          	li	gp,999

00000044 <end>:
  44:	00000013          	nop
  48:	00000013          	nop
  4c:	00100073          	ebreak
  50:	00101197          	auipc	gp,0x101
  54:	7b818193          	addi	gp,gp,1976 # 101808 <__global_pointer$>
  58:	00102117          	auipc	sp,0x102
  5c:	fb010113          	addi	sp,sp,-80 # 102008 <_sp>
  60:	00000513          	li	a0,0
  64:	00000593          	li	a1,0
  68:	00000097          	auipc	ra,0x0
  6c:	018080e7          	jalr	24(ra) # 80 <main>
  70:	00000013          	nop
  74:	00000013          	nop
  78:	00100073          	ebreak
  7c:	0000                	unimp
	...

セクション .text の逆アセンブル:

00000080 <main>:
  80:	ff010113          	addi	sp,sp,-16
  84:	00812623          	sw	s0,12(sp)
  88:	01010413          	addi	s0,sp,16
  8c:	00000013          	nop
  90:	00000013          	nop
  94:	00078513          	mv	a0,a5
  98:	00c12403          	lw	s0,12(sp)
  9c:	01010113          	addi	sp,sp,16
  a0:	00008067          	ret
  a4:	0000                	unimp
	...

セクション .data の逆アセンブル:

00100000 <test_data>:
  100000:	0005                	c.nop	1
	...

00100004 <data>:
  100004:	cf1e                	sw	t2,156(sp)
  100006:	1676                	slli	a2,a2,0x3d
  100008:	1512                	slli	a0,a0,0x24
  10000a:	fd0a                	fsw	ft2,184(sp)
  10000c:	33cc                	fld	fa1,160(a5)
  10000e:	18e2                	slli	a7,a7,0x38
  100010:	3f68                	fld	fa0,248(a4)
  100012:	0414                	addi	a3,sp,512
  100014:	f819f88f          	0xf819f88f
  100018:	c485                	beqz	s1,100040 <data+0x3c>
  10001a:	0e70                	addi	a2,sp,796
  10001c:	38d9                	jal	ff8f2 <__stack_size+0xfe8f2>
  10001e:	1305                	addi	t1,t1,-31
  100020:	325d                	jal	ff9c6 <__stack_size+0xfe9c6>
  100022:	1d5c                	addi	a5,sp,692
  100024:	0fa1                	addi	t6,t6,8
  100026:	0b4a                	slli	s6,s6,0x12
  100028:	136afe9b          	0x136afe9b
  10002c:	606c                	flw	fa1,68(s0)
  10002e:	f7ee                	fsw	fs11,236(sp)
  100030:	9308                	0x9308
  100032:	e714                	fsw	fa3,8(a4)
  100034:	f7b1c083          	lbu	ra,-133(gp) # 101783 <_end+0x77b>
  100038:	74a8                	flw	fa0,104(s1)
  10003a:	ffe2                	fsw	fs8,252(sp)
  10003c:	dabd                	beqz	a3,fffb2 <__stack_size+0xfefb2>
  10003e:	e29e                	fsw	ft7,68(sp)
  100040:	2b71                	jal	1005dc <data+0x5d8>
  100042:	f58e                	fsw	ft3,232(sp)
  100044:	ada0                	fsd	fs0,88(a1)
  100046:	ddee1a9b          	0xddee1a9b
  10004a:	ef60                	fsw	fs0,92(a4)
  10004c:	117d56ef          	jal	a3,1d5962 <_sp+0xd395a>
  100050:	13f7d3bb          	0x13f7d3bb
  100054:	14c2e923          	0x14c2e923
  100058:	0940                	addi	s0,sp,148
  10005a:	faa4                	fsw	fs1,112(a3)
  10005c:	f586                	fsw	ft1,232(sp)
  10005e:	8e791d27          	0x8e791d27
  100062:	ebed                	bnez	a5,100154 <data+0x150>
  100064:	c769                	beqz	a4,10012e <data+0x12a>
  100066:	e79d                	bnez	a5,100094 <data+0x90>
  100068:	dd7f                	0xdd7f
  10006a:	ee28                	fsw	fa0,88(a2)
  10006c:	b5aa                	fsd	fa0,232(sp)
  10006e:	0c0a                	slli	s8,s8,0x2
  100070:	4aa6                	lw	s5,72(sp)
  100072:	608ff167          	0x608ff167
  100076:	16c0                	addi	s0,sp,868
  100078:	c77d                	beqz	a4,100166 <data+0x162>
  10007a:	09c6                	slli	s3,s3,0x11
  10007c:	7bc9                	lui	s7,0xffff2
  10007e:	19ce                	slli	s3,s3,0x33
  100080:	bcc8                	fsd	fa0,184(s1)
  100082:	1b1c                	addi	a5,sp,432
  100084:	24f6                	fld	fs1,344(sp)
  100086:	a2d2e6bb          	0xa2d2e6bb
  10008a:	1a0e                	slli	s4,s4,0x23
  10008c:	3319                	jal	ffd92 <__stack_size+0xfed92>
  10008e:	0d31                	addi	s10,s10,12
  100090:	6a09                	lui	s4,0x2
  100092:	e440                	fsw	fs0,12(s0)
  100094:	911c                	0x911c
  100096:	f0a9                	bnez	s1,fffd8 <__stack_size+0xfefd8>
  100098:	753a                	flw	fa0,172(sp)
  10009a:	e4ee                	fsw	fs11,72(sp)
  10009c:	3910                	fld	fa2,48(a0)
  10009e:	1059                	c.nop	-10
  1000a0:	327e                	fld	ft4,504(sp)
  1000a2:	064d                	addi	a2,a2,19
  1000a4:	18faf807          	0x18faf807
  1000a8:	bea1                	j	ffc00 <__stack_size+0xfec00>
  1000aa:	0131                	addi	sp,sp,12
  1000ac:	25f6                	fld	fa1,344(sp)
  1000ae:	f625                	bnez	a2,100016 <data+0x12>
  1000b0:	fb9377db          	0xfb9377db
  1000b4:	2d5d                	jal	10076a <data+0x766>
  1000b6:	e576                	fsw	ft9,136(sp)
  1000b8:	fa01                	bnez	a2,fffc8 <__stack_size+0xfefc8>
  1000ba:	f6ec                	fsw	fa1,108(a3)
  1000bc:	effc34a7          	fsd	ft11,-279(s8)
  1000c0:	e73e                	fsw	fa5,140(sp)
  1000c2:	dc9a1097          	auipc	ra,0xdc9a1
  1000c6:	0e94                	addi	a3,sp,848
  1000c8:	c02c                	sw	a1,64(s0)
  1000ca:	e966                	fsw	fs9,144(sp)
  1000cc:	f050b2eb          	0xf050b2eb
  1000d0:	747c                	flw	fa5,108(s0)
  1000d2:	eeff                	0xeeff
  1000d4:	8871                	andi	s0,s0,28
  1000d6:	e881                	bnez	s1,1000e6 <data+0xe2>
  1000d8:	eb8d                	bnez	a5,10010a <data+0x106>
  1000da:	1314                	addi	a3,sp,416
  1000dc:	56dc                	lw	a5,44(a3)
  1000de:	fe14                	fsw	fa3,56(a2)
  1000e0:	b434                	fsd	fa3,104(s0)
  1000e2:	066d                	addi	a2,a2,27
  1000e4:	7d9e                	flw	fs11,228(sp)
  1000e6:	0606                	slli	a2,a2,0x1
  1000e8:	a619                	j	1003ee <data+0x3ea>
  1000ea:	0ec6                	slli	t4,t4,0x11
  1000ec:	a836                	fsd	fa3,16(sp)
  1000ee:	4a72f1b7          	lui	gp,0x4a72f
  1000f2:	f808                	fsw	fa0,48(s0)
  1000f4:	955d                	srai	a0,a0,0x37
  1000f6:	f42e                	fsw	fa1,40(sp)
  1000f8:	2f9e                	fld	ft11,448(sp)
  1000fa:	24e0e777          	0x24e0e777
  1000fe:	fd89                	bnez	a1,100018 <data+0x14>
  100100:	1d5a                	slli	s10,s10,0x36
  100102:	f54a                	fsw	fs2,168(sp)
  100104:	5021                	c.li	zero,-24
  100106:	088d                	addi	a7,a7,3
  100108:	bf80                	fsd	fs0,56(a5)
  10010a:	d8760b53          	0xd8760b53
  10010e:	2a4e17ab          	0x2a4e17ab
  100112:	1bf1                	addi	s7,s7,-4
  100114:	dd70                	sw	a2,124(a0)
  100116:	17d6                	slli	a5,a5,0x35
  100118:	c355                	beqz	a4,1001bc <data+0x1b8>
  10011a:	ef64                	fsw	fs1,92(a4)
  10011c:	6966                	flw	fs2,88(sp)
  10011e:	05da                	slli	a1,a1,0x16
  100120:	8159                	srli	a0,a0,0x16
  100122:	e132fcf3          	csrrci	s9,0xe13,5
  100126:	eda8                	fsw	fa0,88(a1)
  100128:	0094dee7          	0x94dee7
  10012c:	cd28                	sw	a0,88(a0)
  10012e:	1d59                	addi	s10,s10,-10
  100130:	6db1                	lui	s11,0xc
  100132:	4794f693          	andi	a3,s1,1145
  100136:	e1c602c7          	fmsub.s	ft5,fa2,ft8,ft8,rne
  10013a:	0c92                	slli	s9,s9,0x4
  10013c:	f9fedd4b          	fnmsub.s	fs10,ft9,ft11,ft11,unknown
  100140:	5310                	lw	a2,32(a4)
  100142:	01f5                	addi	gp,gp,29
  100144:	02b63f33          	mulhu	t5,a2,a1
  100148:	a89e                	fsd	ft7,80(sp)
  10014a:	1832                	slli	a6,a6,0x2c
  10014c:	f0385b7b          	0xf0385b7b
  100150:	bc1d                	j	ffb86 <__stack_size+0xfeb86>
  100152:	318cf4fb          	0x318cf4fb
  100156:	fc0a                	fsw	ft2,56(sp)
  100158:	5560                	lw	s0,108(a0)
  10015a:	14e2                	slli	s1,s1,0x38
  10015c:	19da                	slli	s3,s3,0x36
  10015e:	07f4                	addi	a3,sp,972
  100160:	5729                	li	a4,-22
  100162:	edbe                	fsw	fa5,216(sp)
  100164:	7c22                	flw	fs8,40(sp)
  100166:	0fde                	slli	t6,t6,0x17
  100168:	4d9a                	lw	s11,132(sp)
  10016a:	f501                	bnez	a0,100072 <data+0x6e>
  10016c:	9cea                	add	s9,s9,s10
  10016e:	e4e1                	bnez	s1,100236 <data+0x232>
  100170:	0fd2                	slli	t6,t6,0x14
  100172:	10b9                	addi	ra,ra,-18
  100174:	a531                	j	100780 <data+0x77c>
  100176:	f6bd182f          	0xf6bd182f
  10017a:	12da                	slli	t0,t0,0x36
  10017c:	ec89                	bnez	s1,100196 <data+0x192>
  10017e:	c81019a7          	0xc81019a7
  100182:	0d4d                	addi	s10,s10,19
  100184:	2c58                	fld	fa4,152(s0)
  100186:	0c70                	addi	a2,sp,540
  100188:	6bf8                	flw	fa4,84(a5)
  10018a:	e4dc                	fsw	fa5,12(s1)
  10018c:	42a5                	li	t0,9
  10018e:	ee34                	fsw	fa3,88(a2)
  100190:	ad28                	fsd	fa0,88(a0)
  100192:	40d0e2b3          	0x40d0e2b3
  100196:	977efeab          	0x977efeab
  10019a:	03a9                	addi	t2,t2,10
  10019c:	d452                	sw	s4,40(sp)
  10019e:	0c89                	addi	s9,s9,2
  1001a0:	b800                	fsd	fs0,48(s0)
  1001a2:	3032e267          	0x3032e267
  1001a6:	0648                	addi	a0,sp,772
  1001a8:	855d                	srai	a0,a0,0x17
  1001aa:	2e80ec77          	0x2e80ec77
  1001ae:	1069                	c.nop	-6
  1001b0:	e322                	fsw	fs0,132(sp)
  1001b2:	f5c4                	fsw	fs1,44(a1)
  1001b4:	c2f1                	beqz	a3,100278 <data+0x274>
  1001b6:	3e4d0bbb          	0x3e4d0bbb
  1001ba:	0954                	addi	a3,sp,148
  1001bc:	d838                	sw	a4,112(s0)
  1001be:	141a                	slli	s0,s0,0x26
  1001c0:	a179                	j	10064e <data+0x64a>
  1001c2:	efff                	0xefff
  1001c4:	2c0d                	jal	1003f6 <data+0x3f2>
  1001c6:	1a6a                	slli	s4,s4,0x3a
  1001c8:	27ed                	jal	1009b2 <data+0x9ae>
  1001ca:	f8a4                	fsw	fs1,112(s1)
  1001cc:	fcab7e43          	0xfcab7e43
  1001d0:	c2fd                	beqz	a3,1002b6 <data+0x2b2>
  1001d2:	634deec3          	fmadd.d	ft9,fs11,fs4,fa2,unknown
  1001d6:	f7d5                	bnez	a5,100182 <data+0x17e>
  1001d8:	018d                	addi	gp,gp,3
  1001da:	f591                	bnez	a1,1000e6 <data+0xe2>
  1001dc:	4c41                	li	s8,16
  1001de:	6d1618f3          	csrrw	a7,0x6d1,a2
  1001e2:	efe6                	fsw	fs9,220(sp)
  1001e4:	070f0853          	fadd.q	fa6,ft10,fa6,rne
  1001e8:	f66c6227          	0xf66c6227
  1001ec:	2ea2                	fld	ft9,8(sp)
  1001ee:	f3ff                	0xf3ff
  1001f0:	dded                	beqz	a1,1001ea <data+0x1e6>
  1001f2:	e349                	bnez	a4,100274 <data+0x270>
  1001f4:	f54e                	fsw	fs3,168(sp)
  1001f6:	fba4                	fsw	fs1,112(a5)
  1001f8:	ef4a998b          	0xef4a998b
  1001fc:	faa4                	fsw	fs1,112(a3)
  1001fe:	18e9                	addi	a7,a7,-6
  100200:	609e                	flw	ft1,196(sp)
  100202:	ed99                	bnez	a1,100220 <data+0x21c>
  100204:	fdec                	fsw	fa1,124(a1)
  100206:	027f                	0x27f
  100208:	e6b00acf          	fnmadd.q	fs5,ft0,fa1,ft8,rne
  10020c:	5a7c                	lw	a5,116(a2)
  10020e:	ee33fd4b          	fnmsub.q	fs10,ft7,ft3,ft9
  100212:	e5ac                	fsw	fa1,72(a1)
  100214:	7bfc                	flw	fa5,116(a5)
  100216:	f9e002cb          	fnmsub.s	ft5,ft0,ft10,ft11,rne
  10021a:	71f40173          	0x71f40173
  10021e:	fb09                	bnez	a4,100130 <data+0x12c>
  100220:	10ff2ddb          	0x10ff2ddb
  100224:	bb58                	fsd	fa4,176(a4)
  100226:	bd2afd3f 82250f76 	0x82250f76bd2afd3f
  10022e:	e6c0                	fsw	fs0,12(a3)
  100230:	fe49                	bnez	a2,1001ca <data+0x1c6>
  100232:	12de                	slli	t0,t0,0x37
  100234:	015f664b          	fnmsub.s	fa2,ft10,fs5,ft0,unknown
  100238:	266a                	fld	fa2,152(sp)
  10023a:	1da6                	slli	s11,s11,0x29
  10023c:	f936                	fsw	fa3,176(sp)
  10023e:	2ad11b5b          	0x2ad11b5b
  100242:	ea78                	fsw	fa4,84(a2)
  100244:	1e09                	addi	t3,t3,-30
  100246:	ef81                	bnez	a5,10025e <data+0x25a>
  100248:	4d0e                	lw	s10,192(sp)
  10024a:	15c2                	slli	a1,a1,0x30
  10024c:	9efd                	0x9efd
  10024e:	f0d6                	fsw	fs5,96(sp)
  100250:	eb92                	fsw	ft4,212(sp)
  100252:	52271be3          	bne	a4,sp,100f88 <data+0xf84>
  100256:	f785                	bnez	a5,10017e <data+0x17a>
  100258:	99b6                	add	s3,s3,a3
  10025a:	17d9                	addi	a5,a5,-10
  10025c:	0862                	slli	a6,a6,0x18
  10025e:	e2b1                	bnez	a3,1002a2 <data+0x29e>
  100260:	bca2                	fsd	fs0,120(sp)
  100262:	e49a                	fsw	ft6,72(sp)
  100264:	39da                	fld	fs3,432(sp)
  100266:	3f2c11f7          	0x3f2c11f7
  10026a:	1a85                	addi	s5,s5,-31
  10026c:	a0e5                	j	100354 <data+0x350>
  10026e:	16fa                	slli	a3,a3,0x3e
  100270:	9eb1                	0x9eb1
  100272:	017e                	slli	sp,sp,0x1f
  100274:	f45517cf          	0xf45517cf
  100278:	86e0                	0x86e0
  10027a:	e372                	fsw	ft8,132(sp)
  10027c:	fc2d                	bnez	s0,1001f6 <data+0x1f2>
  10027e:	06b8                	addi	a4,sp,840
  100280:	014119bf f1909948 	0xf1909948014119bf
  100288:	f1ff                	0xf1ff
  10028a:	1316                	slli	t1,t1,0x25
  10028c:	fdfd                	bnez	a1,10028a <data+0x286>
  10028e:	ee5006cf          	fnmadd.q	fa3,ft0,ft5,ft9,rne
  100292:	0f78                	addi	a4,sp,924
  100294:	8628                	0x8628
  100296:	e8e5                	bnez	s1,100386 <data+0x382>
  100298:	f1087efb          	0xf1087efb
  10029c:	2dce                	fld	fs11,208(sp)
  10029e:	0b38                	addi	a4,sp,408
  1002a0:	50e8                	lw	a0,100(s1)
  1002a2:	f706                	fsw	ft1,172(sp)
  1002a4:	9bce                	add	s7,s7,s3
  1002a6:	0ee6                	slli	t4,t4,0x19
  1002a8:	ee034a43          	fmadd.q	fs4,ft6,ft0,ft9,rmm
  1002ac:	f85d290b          	0xf85d290b
  1002b0:	a4d0                	fsd	fa2,136(s1)
  1002b2:	e84c                	fsw	fa1,20(s0)
  1002b4:	1ba0f30f          	0x1ba0f30f
  1002b8:	128243cb          	fnmsub.d	ft7,ft4,fs0,ft2,rmm
  1002bc:	9adf 1179 7372      	0x737211799adf
  1002c2:	ab810043          	fmadd.d	ft0,ft2,fs8,fs5,rne
  1002c6:	f942                	fsw	fa6,176(sp)
  1002c8:	4900                	lw	s0,16(a0)
  1002ca:	e27f                	0xe27f
  1002cc:	71b4                	flw	fa3,96(a1)
  1002ce:	117d                	addi	sp,sp,-1
  1002d0:	f10c                	fsw	fa1,32(a0)
  1002d2:	0148                	addi	a0,sp,132
  1002d4:	aba5                	j	10084c <data+0x848>
  1002d6:	121e                	slli	tp,tp,0x27
  1002d8:	19b2                	slli	s3,s3,0x2c
  1002da:	f8d9                	bnez	s1,100270 <data+0x26c>
  1002dc:	f545                	bnez	a0,100284 <data+0x280>
  1002de:	ee5d                	bnez	a2,10039c <data+0x398>
  1002e0:	1482                	slli	s1,s1,0x20
  1002e2:	1700182f          	0x1700182f
  1002e6:	15e8                	addi	a0,sp,748
  1002e8:	5588                	lw	a0,40(a1)
  1002ea:	eac8                	fsw	fa0,20(a3)
  1002ec:	8446                	mv	s0,a7
  1002ee:	c22d03cb          	fnmsub.d	ft7,fs10,ft2,fs8,rne
  1002f2:	eddf dc68 1588      	0x1588dc68eddf
  1002f8:	2eee                	fld	ft9,216(sp)
  1002fa:	f7c9                	bnez	a5,100284 <data+0x280>
  1002fc:	5b66                	lw	s6,120(sp)
  1002fe:	e788fa13          	andi	s4,a7,-392
  100302:	1dac                	addi	a1,sp,760
  100304:	5964                	lw	s1,116(a0)
  100306:	f77e                	fsw	ft11,172(sp)
  100308:	f748                	fsw	fa0,44(a4)
  10030a:	0c06                	slli	s8,s8,0x1
  10030c:	1cc662db          	0x1cc662db
  100310:	fc64                	fsw	fs1,124(s0)
  100312:	0152                	slli	sp,sp,0x14
  100314:	68cc                	flw	fa1,20(s1)
  100316:	1cc6                	slli	s9,s9,0x31
  100318:	02d4b487          	fld	fs1,45(s1)
  10031c:	c2de                	sw	s7,68(sp)
  10031e:	f312                	fsw	ft4,164(sp)
  100320:	171a                	slli	a4,a4,0x26
  100322:	f670                	fsw	fa2,108(a2)
  100324:	ee04                	fsw	fs1,24(a2)
  100326:	1339                	addi	t1,t1,-18
  100328:	06c2                	slli	a3,a3,0x10
  10032a:	fddf 43bc e9f1      	0xe9f143bcfddf
  100330:	1719                	addi	a4,a4,-26
  100332:	e285                	bnez	a3,100352 <data+0x34e>
  100334:	2526                	fld	fa0,72(sp)
  100336:	ec45                	bnez	s0,1003ee <data+0x3ea>
  100338:	cf0e                	sw	gp,156(sp)
  10033a:	0cc1                	addi	s9,s9,16
  10033c:	f5e2864b          	0xf5e2864b
  100340:	0922                	slli	s2,s2,0x8
  100342:	e5de                	fsw	fs7,200(sp)
  100344:	0002                	c.slli64	zero
  100346:	fadf 5c84 0754      	0x7545c84fadf
  10034c:	ac20                	fsd	fs0,88(s0)
  10034e:	08f5                	addi	a7,a7,29
  100350:	cd05                	beqz	a0,100388 <data+0x384>
  100352:	1590f307          	0x1590f307
  100356:	142c                	addi	a1,sp,552
  100358:	1267598b          	0x1267598b
  10035c:	cdd5                	beqz	a1,100418 <data+0x414>
  10035e:	e58d                	bnez	a1,100388 <data+0x384>
  100360:	ecc0                	fsw	fs0,28(s1)
  100362:	f578                	fsw	fa4,108(a0)
  100364:	daf5                	beqz	a3,100358 <data+0x354>
  100366:	3b2af193          	andi	gp,s5,946
  10036a:	192e                	slli	s2,s2,0x2b
  10036c:	fe5d8be3          	beq	s11,t0,100362 <data+0x35e>
  100370:	e39d                	bnez	a5,100396 <data+0x392>
  100372:	f078                	fsw	fa4,100(s0)
  100374:	da66                	sw	s9,52(sp)
  100376:	05c4                	addi	s1,sp,708
  100378:	1a34                	addi	a3,sp,312
  10037a:	feb0043b          	0xfeb0043b
  10037e:	e486                	fsw	ft1,72(sp)
  100380:	2981                	jal	1007d0 <data+0x7cc>
  100382:	e9cd                	bnez	a1,100434 <data+0x430>
  100384:	1e26                	slli	t3,t3,0x29
  100386:	0076                	c.slli	zero,0x1d
  100388:	fdc13613          	sltiu	a2,sp,-36
  10038c:	ed8b30c3          	0xed8b30c3
  100390:	d5ad                	beqz	a1,1002fa <data+0x2f6>
  100392:	efd2                	fsw	fs4,220(sp)
  100394:	5ea5                	li	t4,-23
  100396:	f34e                	fsw	fs3,164(sp)
  100398:	1ec6                	slli	t4,t4,0x31
  10039a:	4f46f6f7          	0x4f46f6f7
  10039e:	8b69053f 551beac9 	0x551beac98b69053f
  1003a6:	143c                	addi	a5,sp,552
  1003a8:	b840                	fsd	fs0,176(s0)
  1003aa:	e755                	bnez	a4,100456 <data+0x452>
  1003ac:	121ab357          	0x121ab357
  1003b0:	7ff1                	lui	t6,0xffffc
  1003b2:	033c                	addi	a5,sp,392
  1003b4:	e9fa                	fsw	ft10,208(sp)
  1003b6:	f259                	bnez	a2,10033c <data+0x338>
  1003b8:	c42a                	sw	a0,8(sp)
  1003ba:	fd21                	bnez	a0,100312 <data+0x30e>
  1003bc:	01f2fa47          	fmsub.s	fs4,ft5,ft11,ft0
  1003c0:	5101                	li	sp,-32
  1003c2:	178e                	slli	a5,a5,0x23
  1003c4:	9ac6                	add	s5,s5,a7
  1003c6:	e5de                	fsw	fs7,200(sp)
  1003c8:	f690                	fsw	fa2,40(a3)
  1003ca:	e500                	fsw	fs0,8(a0)
  1003cc:	0e10                	addi	a2,sp,784
  1003ce:	0f7a                	slli	t5,t5,0x1e
  1003d0:	fed1                	bnez	a3,10036c <data+0x368>
  1003d2:	11e4                	addi	s1,sp,236
  1003d4:	051a                	slli	a0,a0,0x6
  1003d6:	0d940017          	auipc	zero,0xd940
  1003da:	e8ce                	fsw	fs3,80(sp)
  1003dc:	5a4c                	lw	a1,52(a2)
  1003de:	1a38                	addi	a4,sp,312
  1003e0:	a064                	fsd	fs1,192(s0)
  1003e2:	0305                	addi	t1,t1,1
  1003e4:	fa2fbe93          	sltiu	t4,t6,-94
  1003e8:	0806                	slli	a6,a6,0x1
  1003ea:	13f1                	addi	t2,t2,-4
  1003ec:	a53d                	j	100a1a <data+0xa16>
  1003ee:	f7f605cb          	fnmsub.q	fa1,fa2,ft11,ft10,rne
  1003f2:	1d30                	addi	a2,sp,696
  1003f4:	e41c                	fsw	fa5,8(s0)
  1003f6:	f6df a1a4 f96a      	0xf96aa1a4f6df
  1003fc:	05ddee5b          	0x5ddee5b
  100400:	9460                	0x9460
  100402:	1ada                	slli	s5,s5,0x36
  100404:	eb233a97          	auipc	s5,0xeb233
  100408:	5361                	li	t1,-8
  10040a:	fce2                	fsw	fs8,120(sp)
  10040c:	0971ea03          	0x971ea03
  100410:	b739                	j	10031e <data+0x31a>
  100412:	87ebfcf7          	0x87ebfcf7
  100416:	1121                	addi	sp,sp,-24
  100418:	80fc                	0x80fc
  10041a:	18a2                	slli	a7,a7,0x28
  10041c:	fb29                	bnez	a4,10036e <data+0x36a>
  10041e:	e558                	fsw	fa4,12(a0)
  100420:	9896                	add	a7,a7,t0
  100422:	f19a                	fsw	ft6,224(sp)
  100424:	c506                	sw	ra,136(sp)
  100426:	edba0e73          	0xedba0e73
  10042a:	1962                	slli	s2,s2,0x38
  10042c:	3c42                	fld	fs8,48(sp)
  10042e:	f4b9                	bnez	s1,10037c <data+0x378>
  100430:	2e2c                	fld	fa1,88(a2)
  100432:	f154                	fsw	fa3,36(a0)
  100434:	5716                	lw	a4,100(sp)
  100436:	103a                	c.slli	zero,0x2e
  100438:	0f09                	addi	t5,t5,2
  10043a:	f069                	bnez	s0,1003fc <data+0x3f8>
  10043c:	0f51c277          	0xf51c277
  100440:	d1a2                	sw	s0,224(sp)
  100442:	f4a0                	fsw	fs0,104(s1)
  100444:	7d1c                	flw	fa5,56(a0)
  100446:	b9c2ffaf          	0xb9c2ffaf
  10044a:	075c                	addi	a5,sp,900
  10044c:	b85d                	j	ffd02 <__stack_size+0xfed02>
  10044e:	e622                	fsw	fs0,12(sp)
  100450:	a372                	fsd	ft8,384(sp)
  100452:	0eee                	slli	t4,t4,0x1b
  100454:	fd75                	bnez	a0,100450 <data+0x44c>
  100456:	eae1                	bnez	a3,100526 <data+0x522>
  100458:	91c1                	srli	a1,a1,0x30
  10045a:	0e41                	addi	t3,t3,16
  10045c:	16d5                	addi	a3,a3,-11
  10045e:	f8b2                	fsw	fa2,112(sp)
  100460:	e74691bf e90c6ec4 	0xe90c6ec4e74691bf
  100468:	ed7876a3          	0xed7876a3
  10046c:	2e51                	jal	100800 <data+0x7fc>
  10046e:	0c6a04db          	0xc6a04db
  100472:	d020ea97          	auipc	s5,0xd020e
  100476:	a4be1baf          	0xa4be1baf
  10047a:	e6fc                	fsw	fa5,76(a3)
  10047c:	094d                	addi	s2,s2,19
  10047e:	f498                	fsw	fa4,40(s1)
  100480:	45fc                	lw	a5,76(a1)
  100482:	0762                	slli	a4,a4,0x18
  100484:	477f                	0x477f
  100486:	b758e253          	0xb758e253
  10048a:	39fc1653          	0x39fc1653
  10048e:	e55a                	fsw	fs6,136(sp)
  100490:	cea8                	sw	a0,88(a3)
  100492:	1d54                	addi	a3,sp,692
  100494:	fd8426f7          	0xfd8426f7
  100498:	9b25                	andi	a4,a4,-23
  10049a:	1b35                	addi	s6,s6,-19
  10049c:	32fd                	jal	ffe8a <__stack_size+0xfee8a>
  10049e:	f2e6                	fsw	fs9,100(sp)
  1004a0:	5145                	li	sp,-15
  1004a2:	e2b6e37b          	0xe2b6e37b
  1004a6:	fed0                	fsw	fa2,60(a3)
  1004a8:	d5e5                	beqz	a1,100490 <data+0x48c>
  1004aa:	0734                	addi	a3,sp,904
  1004ac:	1c370b27          	0x1c370b27
  1004b0:	5aa5                	li	s5,-23
  1004b2:	f665                	bnez	a2,10049a <data+0x496>
  1004b4:	5e80                	lw	s0,56(a3)
  1004b6:	1cff                	0x1cff
  1004b8:	a43d                	j	1006e6 <data+0x6e2>
  1004ba:	a6e1f1db          	0xa6e1f1db
  1004be:	0e7d                	addi	t3,t3,31
  1004c0:	f48565ab          	0xf48565ab
  1004c4:	370e                	fld	fa4,224(sp)
  1004c6:	f798                	fsw	fa4,40(a5)
  1004c8:	c2fc                	sw	a5,68(a3)
  1004ca:	f711                	bnez	a4,1003d6 <data+0x3d2>
  1004cc:	9699                	srai	a3,a3,0x26
  1004ce:	1a6d                	addi	s4,s4,-5
  1004d0:	fe2cddcf          	fnmadd.q	fs11,fs9,ft2,ft11,unknown
  1004d4:	a3ed                	j	100abe <data+0xaba>
  1004d6:	d701ef83          	0xd701ef83
  1004da:	d803e4cf          	fnmadd.s	fs1,ft7,ft0,fs11,unknown
  1004de:	f531                	bnez	a0,10042a <data+0x426>
  1004e0:	8bca                	mv	s7,s2
  1004e2:	175d                	addi	a4,a4,-9
  1004e4:	fa25                	bnez	a2,100454 <data+0x450>
  1004e6:	f0bc                	fsw	fa5,96(s1)
  1004e8:	fd4c                	fsw	fa1,60(a0)
  1004ea:	c124f47b          	0xc124f47b
  1004ee:	68dd056f          	jal	a0,1d137a <_sp+0xcf372>
  1004f2:	f09f 497b fa79      	0xfa79497bf09f
  1004f8:	90fe                	add	ra,ra,t6
  1004fa:	0e35                	addi	t3,t3,13
  1004fc:	fa65                	bnez	a2,1004ec <data+0x4e8>
  1004fe:	e480                	fsw	fs0,8(s1)
  100500:	1035c2d7          	0x1035c2d7
  100504:	848a                	mv	s1,sp
  100506:	16d2                	slli	a3,a3,0x34
  100508:	cb05                	beqz	a4,100538 <data+0x534>
  10050a:	1c5f 7152 09bf      	0x9bf71521c5f
  100510:	023a064f          	fnmadd.d	fa2,fs4,ft3,ft0,rne
  100514:	ea1998e3          	bne	s3,ra,1003c4 <data+0x3c0>
  100518:	2ec5                	jal	100908 <data+0x904>
  10051a:	1734                	addi	a3,sp,936
  10051c:	3899                	jal	ffd72 <__stack_size+0xfed72>
  10051e:	1b85                	addi	s7,s7,-31
  100520:	edc95c73          	csrrwi	s8,0xedc,18
  100524:	15d2                	slli	a1,a1,0x34
  100526:	e548                	fsw	fa0,12(a0)
  100528:	6609                	lui	a2,0x2
  10052a:	0a34                	addi	a3,sp,280
  10052c:	3ce4                	fld	fs1,248(s1)
  10052e:	00ec                	addi	a1,sp,76
  100530:	1117c587          	flq	fa1,273(a5)
  100534:	e3ed                	bnez	a5,100616 <data+0x612>
  100536:	0ca2                	slli	s9,s9,0x8
  100538:	7039                	c.lui	zero,0xfffee
  10053a:	faaa                	fsw	fa0,116(sp)
  10053c:	c834                	sw	a3,80(s0)
  10053e:	0bc801f3          	0xbc801f3
  100542:	1738                	addi	a4,sp,936
  100544:	b076                	fsd	ft9,32(sp)
  100546:	fc81                	bnez	s1,10045e <data+0x45a>
  100548:	060b0043          	fmadd.q	ft0,fs6,ft0,ft0,rne
  10054c:	5676                	lw	a2,124(sp)
  10054e:	f556                	fsw	fs5,168(sp)
  100550:	184d70e7          	0x184d70e7
  100554:	0fe0                	addi	s0,sp,988
  100556:	e3d6                	fsw	fs5,196(sp)
  100558:	46fd                	li	a3,31
  10055a:	1c42                	slli	s8,s8,0x30
  10055c:	fdf37e23          	0xfdf37e23
  100560:	5762                	lw	a4,56(sp)
  100562:	71f2fb2f          	0x71f2fb2f
  100566:	e9cd                	bnez	a1,100618 <data+0x614>
  100568:	f5d8                	fsw	fa4,44(a1)
  10056a:	ed71                	bnez	a0,100646 <data+0x642>
  10056c:	9894                	0x9894
  10056e:	8cb50e6f          	jal	t3,50e38 <__stack_size+0x4fe38>
  100572:	12b4                	addi	a3,sp,360
  100574:	b2cd                	j	fff56 <__stack_size+0xfef56>
  100576:	12b5                	addi	t0,t0,-19
  100578:	ecd4979b          	0xecd4979b
  10057c:	b7d2                	fsd	fs4,488(sp)
  10057e:	c2deff77          	0xc2deff77
  100582:	f3a2                	fsw	fs0,228(sp)
  100584:	055b5fcb          	0x55b5fcb
  100588:	d43d                	beqz	s0,1004f6 <data+0x4f2>
  10058a:	0ad0                	addi	a2,sp,340
  10058c:	32b1                	jal	ffed8 <__stack_size+0xfeed8>
  10058e:	1fc11c03          	lh	s8,508(sp)
  100592:	0cee                	slli	s9,s9,0x1b
  100594:	6ca9                	lui	s9,0xa
  100596:	ffa2                	fsw	fs0,252(sp)
  100598:	7df1                	lui	s11,0xffffc
  10059a:	1958                	addi	a4,sp,180
  10059c:	207a                	fld	ft0,408(sp)
  10059e:	ed29                	bnez	a0,1005f8 <data+0x5f4>
  1005a0:	e702                	fsw	ft0,140(sp)
  1005a2:	fe8d                	bnez	a3,1004dc <data+0x4d8>
  1005a4:	00a2                	slli	ra,ra,0x8
  1005a6:	60a4edcf          	fnmadd.s	fs11,fs1,fa0,fa2,unknown
  1005aa:	f43e                	fsw	fa5,40(sp)
  1005ac:	102d                	c.nop	-21
  1005ae:	f4ec                	fsw	fa1,108(s1)
  1005b0:	a482                	fsd	ft0,72(sp)
  1005b2:	b5261abb          	0xb5261abb
  1005b6:	621e1aa7          	0x621e1aa7
  1005ba:	0422                	slli	s0,s0,0x8
  1005bc:	ebda                	fsw	fs6,212(sp)
  1005be:	fa45                	bnez	a2,10056e <data+0x56a>
  1005c0:	9cf6                	add	s9,s9,t4
  1005c2:	1164                	addi	s1,sp,172
  1005c4:	90d0                	0x90d0
  1005c6:	90cf0fd3          	0x90cf0fd3
  1005ca:	1a7f                	0x1a7f
  1005cc:	0d86                	slli	s11,s11,0x1
  1005ce:	ef1e                	fsw	ft7,156(sp)
  1005d0:	39ba                	fld	fs3,424(sp)
  1005d2:	1c16                	slli	s8,s8,0x25
  1005d4:	e5670c47          	0xe5670c47
  1005d8:	a1c2                	fsd	fa6,192(sp)
  1005da:	e312                	fsw	ft4,132(sp)
  1005dc:	c79a                	sw	t1,204(sp)
  1005de:	fa65                	bnez	a2,1005ce <data+0x5ca>
  1005e0:	74c9                	lui	s1,0xffff2
  1005e2:	1405                	addi	s0,s0,-31
  1005e4:	411c                	lw	a5,0(a0)
  1005e6:	7243174b          	fnmsub.d	fa4,ft6,ft4,fa4,rtz
  1005ea:	e2ae                	fsw	fa1,68(sp)
  1005ec:	bc74                	fsd	fa3,248(s0)
  1005ee:	ee30                	fsw	fa2,88(a2)
  1005f0:	f9d6e9a3          	0xf9d6e9a3
  1005f4:	91ca                	add	gp,gp,s2
  1005f6:	fb6e                	fsw	fs11,180(sp)
  1005f8:	f1bc                	fsw	fa5,96(a1)
  1005fa:	0751                	addi	a4,a4,20
  1005fc:	ac25                	j	100834 <data+0x830>
  1005fe:	0964                	addi	s1,sp,156
  100600:	bfce                	fsd	fs3,504(sp)
  100602:	bb140a7b          	0xbb140a7b
  100606:	f778                	fsw	fa4,108(a4)
  100608:	6d09                	lui	s10,0x2
  10060a:	1bdd                	addi	s7,s7,-9
  10060c:	437d                	li	t1,31
  10060e:	eac9                	bnez	a3,1006a0 <data+0x69c>
  100610:	d8d2                	sw	s4,112(sp)
  100612:	0335                	addi	t1,t1,13
  100614:	8ee5                	and	a3,a3,s1
  100616:	1ba1                	addi	s7,s7,-24
  100618:	c136                	sw	a3,128(sp)
  10061a:	ee2b01bb          	0xee2b01bb
  10061e:	13aa                	slli	t2,t2,0x2a
  100620:	1a7df1bf e25988df 	0xe25988df1a7df1bf
  100628:	88bd                	andi	s1,s1,15
  10062a:	1d6c                	addi	a1,sp,700
  10062c:	b68c                	fsd	fa1,40(a3)
  10062e:	1139                	addi	sp,sp,-18
  100630:	e6c57373          	csrrci	t1,0xe6c,10
  100634:	1608                	addi	a0,sp,800
  100636:	0448                	addi	a0,sp,516
  100638:	e50028af          	amomaxu.w.aq	a7,a6,(zero)
  10063c:	379e                	fld	fa5,480(sp)
  10063e:	1b71                	addi	s6,s6,-4
  100640:	5955                	li	s2,-11
  100642:	0779                	addi	a4,a4,30
  100644:	8275                	srli	a2,a2,0x1d
  100646:	0e0c                	addi	a1,sp,784
  100648:	417a                	lw	sp,156(sp)
  10064a:	fdc6                	fsw	fa7,248(sp)
  10064c:	b03d                	j	ffe7a <__stack_size+0xfee7a>
  10064e:	1ed40c97          	auipc	s9,0x1ed40
  100652:	f286                	fsw	ft1,100(sp)
  100654:	eb81b89b          	0xeb81b89b
  100658:	ee8d60d7          	0xee8d60d7
  10065c:	d3a1                	beqz	a5,10059c <data+0x598>
  10065e:	b61d0d33          	0xb61d0d33
  100662:	1422                	slli	s0,s0,0x28
  100664:	3688                	fld	fa0,40(a3)
  100666:	03d6                	slli	t2,t2,0x15
  100668:	c731                	beqz	a4,1006b4 <data+0x6b0>
  10066a:	0ffd                	addi	t6,t6,31
  10066c:	036a                	slli	t1,t1,0x1a
  10066e:	e585                	bnez	a1,100696 <data+0x692>
  100670:	d9b6                	sw	a3,240(sp)
  100672:	06c9                	addi	a3,a3,18
  100674:	7a84                	flw	fs1,48(a3)
  100676:	efbd                	bnez	a5,1006f4 <data+0x6f0>
  100678:	c4c5                	beqz	s1,100720 <data+0x71c>
  10067a:	08fd                	addi	a7,a7,31
  10067c:	265c                	fld	fa5,136(a2)
  10067e:	0731                	addi	a4,a4,12
  100680:	c81e                	sw	t2,16(sp)
  100682:	18ac                	addi	a1,sp,120
  100684:	f49fb56f          	jal	a0,fc5cc <__stack_size+0xfb5cc>
  100688:	0be4fd6f          	jal	s10,14f746 <_sp+0x4d73e>
  10068c:	e2f0e05b          	0xe2f0e05b
  100690:	bdad                	j	10050a <data+0x506>
  100692:	fb94                	fsw	fa3,48(a5)
  100694:	4088                	lw	a0,0(s1)
  100696:	1ca6                	slli	s9,s9,0x29
  100698:	fb4c                	fsw	fa1,52(a4)
  10069a:	045d                	addi	s0,s0,23
  10069c:	99ee                	add	s3,s3,s11
  10069e:	1549                	addi	a0,a0,-14
  1006a0:	f2203647          	fmsub.d	fa2,ft0,ft2,ft10,rup
  1006a4:	62f6                	flw	ft5,92(sp)
  1006a6:	1254                	addi	a3,sp,292
  1006a8:	f870                	fsw	fa2,116(s0)
  1006aa:	ee40                	fsw	fs0,28(a2)
  1006ac:	047ddecb          	0x47ddecb
  1006b0:	fc483cbf 1bf693e1 	0x1bf693e1fc483cbf
  1006b8:	4cec                	lw	a1,92(s1)
  1006ba:	004d                	c.nop	19
  1006bc:	06d69def          	jal	s11,169f28 <_sp+0x67f20>
  1006c0:	0dac                	addi	a1,sp,728
  1006c2:	16f8                	addi	a4,sp,876
  1006c4:	d8d2                	sw	s4,112(sp)
  1006c6:	eb1a                	fsw	ft6,148(sp)
  1006c8:	e9e6                	fsw	fs9,208(sp)
  1006ca:	1c28                	addi	a0,sp,568
  1006cc:	f621                	bnez	a2,100614 <data+0x610>
  1006ce:	e259e8b7          	lui	a7,0xe259e
  1006d2:	00b1                	addi	ra,ra,12
  1006d4:	306d                	jal	fff7e <__stack_size+0xfef7e>
  1006d6:	12a6                	slli	t0,t0,0x29
  1006d8:	e7e823e3          	0xe7e823e3
  1006dc:	5654                	lw	a3,44(a2)
  1006de:	08b0                	addi	a2,sp,88
  1006e0:	f1d2a59b          	0xf1d2a59b
  1006e4:	e581                	bnez	a1,1006ec <data+0x6e8>
  1006e6:	0ee4                	addi	s1,sp,860
  1006e8:	b889                	j	fff3a <__stack_size+0xfef3a>
  1006ea:	2e1ee3bb          	0x2e1ee3bb
  1006ee:	fe38                	fsw	fa4,120(a2)
  1006f0:	ae65                	j	100aa8 <data+0xaa4>
  1006f2:	ed68                	fsw	fa0,92(a0)
  1006f4:	7a69                	lui	s4,0xffffa
  1006f6:	5b08081b          	0x5b08081b
  1006fa:	0c6c                	addi	a1,sp,540
  1006fc:	8389                	srli	a5,a5,0x2
  1006fe:	b9d4e377          	0xb9d4e377
  100702:	167a                	slli	a2,a2,0x3e
  100704:	85dd                	srai	a1,a1,0x17
  100706:	1d24                	addi	s1,sp,696
  100708:	a02c                	fsd	fa1,64(s0)
  10070a:	1780                	addi	s0,sp,992
  10070c:	8945                	andi	a0,a0,17
  10070e:	f12a                	fsw	fa0,160(sp)
  100710:	f76e8227          	0xf76e8227
  100714:	fec6                	fsw	fa7,124(sp)
  100716:	1599                	addi	a1,a1,-26
  100718:	826c                	0x826c
  10071a:	1c74                	addi	a3,sp,572
  10071c:	58b8                	lw	a4,112(s1)
  10071e:	094d                	addi	s2,s2,19
  100720:	18b65003          	lhu	zero,395(a2) # 218b <__stack_size+0x118b>
  100724:	ce20                	sw	s0,88(a2)
  100726:	f62d                	bnez	a2,100690 <data+0x68c>
  100728:	b982                	fsd	ft0,240(sp)
  10072a:	f806                	fsw	ft1,48(sp)
  10072c:	6eec                	flw	fa1,92(a3)
  10072e:	408d0fc7          	fmsub.s	ft11,fs10,fs0,fs0,rne
  100732:	0034                	addi	a3,sp,8
  100734:	f4bb1aab          	0xf4bb1aab
  100738:	09dc                	addi	a5,sp,212
  10073a:	f0f2                	fsw	ft8,96(sp)
  10073c:	049e                	slli	s1,s1,0x7
  10073e:	98dd12eb          	0x98dd12eb
  100742:	53310323          	sb	s3,1318(sp)
  100746:	fc96                	fsw	ft5,120(sp)
  100748:	7b9d                	lui	s7,0xfffe7
  10074a:	f085                	bnez	s1,10066a <data+0x666>
  10074c:	457c                	lw	a5,76(a0)
  10074e:	1008                	addi	a0,sp,32
  100750:	faca52bf 185265d1 	0x185265d1faca52bf
  100758:	16d512c7          	fmsub.q	ft5,fa0,fa3,ft2,rtz
  10075c:	cd44                	sw	s1,28(a0)
  10075e:	f556                	fsw	fs5,168(sp)
  100760:	d669                	beqz	a2,10072a <data+0x726>
  100762:	19d4                	addi	a3,sp,244
  100764:	f3c8817b          	0xf3c8817b
  100768:	15f585c7          	0x15f585c7
  10076c:	276d                	jal	100f16 <data+0xf12>
  10076e:	2c1b1d8f          	0x2c1b1d8f
  100772:	b652fbe3          	bleu	t0,t0,1002e8 <data+0x2e4>
  100776:	14ba                	slli	s1,s1,0x2e
  100778:	dbe9                	beqz	a5,10074a <data+0x746>
  10077a:	fd52                	fsw	fs4,184(sp)
  10077c:	6d21                	lui	s10,0x8
  10077e:	1152                	slli	sp,sp,0x34
  100780:	fb0e3b87          	fld	fs7,-80(t3)
  100784:	4462                	lw	s0,24(sp)
  100786:	574df857          	0x574df857
  10078a:	f029                	bnez	s0,1006cc <data+0x6c8>
  10078c:	e3f6                	fsw	ft9,196(sp)
  10078e:	0bbc                	addi	a5,sp,472
  100790:	8945                	andi	a0,a0,17
  100792:	e55f bd7f f730      	0xf730bd7fe55f
  100798:	42b2                	lw	t0,12(sp)
  10079a:	0449                	addi	s0,s0,18
  10079c:	8aaa                	mv	s5,a0
  10079e:	e555                	bnez	a0,10084a <data+0x846>
  1007a0:	8cf0                	0x8cf0
  1007a2:	eb5a                	fsw	fs6,148(sp)
  1007a4:	3e6a                	fld	ft8,184(sp)
  1007a6:	047c                	addi	a5,sp,524
  1007a8:	e6e9                	bnez	a3,100872 <data+0x86e>
  1007aa:	049a                	slli	s1,s1,0x6
  1007ac:	05f5                	addi	a1,a1,29
  1007ae:	020a                	slli	tp,tp,0x2
  1007b0:	926a                	add	tp,tp,s10
  1007b2:	e2ee                	fsw	fs11,68(sp)
  1007b4:	143e                	slli	s0,s0,0x2f
  1007b6:	38490be7          	jalr	s7,900(s2)
  1007ba:	f3a6                	fsw	fs1,228(sp)
  1007bc:	79ee                	flw	fs3,248(sp)
  1007be:	72edfd2b          	0x72edfd2b
  1007c2:	f83d                	bnez	s0,100738 <data+0x734>
  1007c4:	e90678af          	0xe90678af
  1007c8:	7560                	flw	fs0,108(a0)
  1007ca:	9ca9013b          	0x9ca9013b
  1007ce:	edc8                	fsw	fa0,28(a1)
  1007d0:	eb0d853b          	0xeb0d853b
  1007d4:	ab46                	fsd	fa7,400(sp)
  1007d6:	00e0                	addi	s0,sp,76
  1007d8:	2552                	fld	fa0,272(sp)
  1007da:	03a0                	addi	s0,sp,456
  1007dc:	efb6                	fsw	fa3,220(sp)
  1007de:	017d                	addi	sp,sp,31
  1007e0:	ae35                	j	100b1c <data+0xb18>
  1007e2:	ea5d                	bnez	a2,100898 <data+0x894>
  1007e4:	d5fd                	beqz	a1,1007d2 <data+0x7ce>
  1007e6:	fb9d                	bnez	a5,10071c <data+0x718>
  1007e8:	3782                	fld	fa5,32(sp)
  1007ea:	edad                	bnez	a1,100864 <data+0x860>
  1007ec:	b434                	fsd	fa3,104(s0)
  1007ee:	0185                	addi	gp,gp,1
  1007f0:	f800faeb          	0xf800faeb
  1007f4:	0c78                	addi	a4,sp,540
  1007f6:	0704                	addi	s1,sp,896
  1007f8:	27a1                	jal	100f40 <data+0xf3c>
  1007fa:	f3cd                	bnez	a5,10079c <data+0x798>
  1007fc:	d4b0                	sw	a2,104(s1)
  1007fe:	fc2d                	bnez	s0,100778 <data+0x774>
  100800:	e8a4                	fsw	fs1,80(s1)
  100802:	0399                	addi	t2,t2,6
  100804:	9929                	andi	a0,a0,-22
  100806:	bd8c1117          	auipc	sp,0xbd8c1
  10080a:	08cc                	addi	a1,sp,84
  10080c:	a5ca                	fsd	fs2,200(sp)
  10080e:	ac61febf d4c0eae9 	0xd4c0eae9ac61febf
  100816:	0b8dfb07          	0xb8dfb07
  10081a:	ec6d                	bnez	s0,100914 <data+0x910>
  10081c:	a4ce                	fsd	fs3,72(sp)
  10081e:	eada                	fsw	fs6,84(sp)
  100820:	2a88                	fld	fa0,16(a3)
  100822:	f489                	bnez	s1,10072c <data+0x728>
  100824:	f414                	fsw	fa3,40(s0)
  100826:	09ac                	addi	a1,sp,216
  100828:	9062                	c.add	zero,s8
  10082a:	be23f357          	0xbe23f357
  10082e:	e3d8                	fsw	fa4,4(a5)
  100830:	d55f 0682 9843      	0x98430682d55f
  100836:	f2b0                	fsw	fa2,96(a3)
  100838:	f0a6486b          	0xf0a6486b
  10083c:	bc45                	j	1002ec <data+0x2e8>
  10083e:	45600fb7          	lui	t6,0x45600
  100842:	f946                	fsw	fa7,176(sp)
  100844:	ce76                	sw	t4,28(sp)
  100846:	11e4ed57          	0x11e4ed57
  10084a:	f725                	bnez	a4,1007b2 <data+0x7ae>
  10084c:	f407ae27          	fsw	ft0,-164(a5)
  100850:	23ac                	fld	fa1,64(a5)
  100852:	e58e                	fsw	ft3,200(sp)
  100854:	21df 0049 3391      	0x3391004921df
  10085a:	09f9                	addi	s3,s3,30
  10085c:	09b0                	addi	a2,sp,216
  10085e:	0ec8                	addi	a0,sp,852
  100860:	d34c                	sw	a1,36(a4)
  100862:	cd5b113b          	0xcd5b113b
  100866:	c2d9e96f          	jal	s2,9f492 <__stack_size+0x9e492>
  10086a:	ff74                	fsw	fa3,124(a4)
  10086c:	20ec                	fld	fa1,192(s1)
  10086e:	1e481ccf          	fnmadd.q	fs9,fa6,ft4,ft3,rtz
  100872:	1ca9                	addi	s9,s9,-22
  100874:	431d                	li	t1,7
  100876:	50411b0b          	0x50411b0b
  10087a:	ef2c                	fsw	fa1,88(a4)
  10087c:	f5167f8b          	0xf5167f8b
  100880:	a376                	fsd	ft9,384(sp)
  100882:	e3ad                	bnez	a5,1008e4 <data+0x8e0>
  100884:	106c8fbf 11135446 	0x11135446106c8fbf
  10088c:	0bafa57b          	0xbafa57b
  100890:	8ed6                	mv	t4,s5
  100892:	fb5c                	fsw	fa5,52(a4)
  100894:	51a2                	lw	gp,40(sp)
  100896:	257d0887          	0x257d0887
  10089a:	def0e2cb          	fnmsub.q	ft5,ft1,fa5,fs11,unknown
  10089e:	0d540f4f          	0xd540f4f
  1008a2:	0524                	addi	s1,sp,648
  1008a4:	be2c                	fsd	fa1,120(a2)
  1008a6:	fa7e                	fsw	ft11,52(sp)
  1008a8:	f8d1                	bnez	s1,10083c <data+0x838>
  1008aa:	eb28                	fsw	fa0,80(a4)
  1008ac:	2365                	jal	100e54 <data+0xe50>
  1008ae:	0925                	addi	s2,s2,9
  1008b0:	bbae                	fsd	fa1,496(sp)
  1008b2:	09b1                	addi	s3,s3,12
  1008b4:	fc900f0b          	0xfc900f0b
  1008b8:	015309af          	0x15309af
  1008bc:	8ae1                	andi	a3,a3,24
  1008be:	ebf6                	fsw	ft9,212(sp)
  1008c0:	ea36                	fsw	fa3,20(sp)
  1008c2:	f671fc1b          	0xf671fc1b
  1008c6:	0110                	addi	a2,sp,128
  1008c8:	d935                	beqz	a0,10083c <data+0x838>
  1008ca:	1854                	addi	a3,sp,52
  1008cc:	b286                	fsd	ft1,352(sp)
  1008ce:	1036                	c.slli	zero,0x2d
  1008d0:	f306                	fsw	ft1,164(sp)
  1008d2:	60da0eab          	0x60da0eab
  1008d6:	faa1                	bnez	a3,100826 <data+0x822>
  1008d8:	f6b5218f          	0xf6b5218f
  1008dc:	0338                	addi	a4,sp,392
  1008de:	e4de                	fsw	fs7,72(sp)
  1008e0:	90b8                	0x90b8
  1008e2:	0b9e                	slli	s7,s7,0x7
  1008e4:	5b80                	lw	s0,48(a5)
  1008e6:	74d6f273          	csrrci	tp,0x74d,13
  1008ea:	1504                	addi	s1,sp,672
  1008ec:	98bd                	andi	s1,s1,-17
  1008ee:	fd3e                	fsw	fa5,184(sp)
  1008f0:	f39ed1cf          	fnmadd.d	ft3,ft9,fs9,ft10,unknown
  1008f4:	2636                	fld	fa2,328(sp)
  1008f6:	0552                	slli	a0,a0,0x14
  1008f8:	0d64                	addi	s1,sp,668
  1008fa:	1bb8                	addi	a4,sp,504
  1008fc:	2a0a                	fld	fs4,128(sp)
  1008fe:	1259                	addi	tp,tp,-10
  100900:	2486                	fld	fs1,64(sp)
  100902:	f5411427          	0xf5411427
  100906:	49bb0eb3          	0x49bb0eb3
  10090a:	92c60df7          	0x92c60df7
  10090e:	f7b1f093          	andi	ra,gp,-133
  100912:	f219                	bnez	a2,100818 <data+0x814>
  100914:	b78a                	fsd	ft2,488(sp)
  100916:	cacde577          	0xcacde577
  10091a:	fba8                	fsw	fa0,112(a5)
  10091c:	e76e5193          	0xe76e5193
  100920:	9b86                	add	s7,s7,ra
  100922:	160e                	slli	a2,a2,0x23
  100924:	fe8613a7          	0xfe8613a7
  100928:	08261f2f          	0x8261f2f
  10092c:	86dc                	0x86dc
  10092e:	1951                	addi	s2,s2,-12
  100930:	1f4e                	slli	t5,t5,0x33
  100932:	fd88                	fsw	fa0,56(a1)
  100934:	8d4c                	0x8d4c
  100936:	60130c43          	fmadd.s	fs8,ft6,ft1,fa2,rne
  10093a:	f67e                	fsw	ft11,44(sp)
  10093c:	1a05                	addi	s4,s4,-31
  10093e:	066a                	slli	a2,a2,0x1a
  100940:	57f0                	lw	a2,108(a5)
  100942:	fd39                	bnez	a0,1008a0 <data+0x89c>
  100944:	352d                	jal	10076e <data+0x76a>
  100946:	10c1                	addi	ra,ra,-16
  100948:	e7733c23          	0xe7733c23
  10094c:	fc5c                	fsw	fa5,60(s0)
  10094e:	f462                	fsw	fs8,40(sp)
  100950:	09e6d70f          	0x9e6d70f
  100954:	1866ecd7          	0x1866ecd7
  100958:	0f23c9fb          	0xf23c9fb
  10095c:	8332                	mv	t1,a2
  10095e:	eace                	fsw	fs3,84(sp)
  100960:	aca9                	j	100bba <data+0xbb6>
  100962:	0088                	addi	a0,sp,64
  100964:	8c88                	0x8c88
  100966:	111e                	slli	sp,sp,0x27
  100968:	f8ae                	fsw	fa1,112(sp)
  10096a:	b84c053b          	0xb84c053b
  10096e:	f6aa                	fsw	fa0,108(sp)
  100970:	42ba                	lw	t0,140(sp)
  100972:	035d                	addi	t1,t1,23
  100974:	3882                	fld	fa7,32(sp)
  100976:	086c                	addi	a1,sp,28
  100978:	4365                	li	t1,25
  10097a:	04b2                	slli	s1,s1,0xc
  10097c:	0b26d6a3          	0xb26d6a3
  100980:	8944                	0x8944
  100982:	7ee1ee07          	0x7ee1ee07
  100986:	32c10637          	lui	a2,0x32c10
  10098a:	f272                	fsw	ft8,36(sp)
  10098c:	a3b9                	j	100eda <data+0xed6>
  10098e:	fc30                	fsw	fa2,120(s0)
  100990:	3558                	fld	fa4,168(a0)
  100992:	1019                	c.nop	-26
  100994:	83ad                	srli	a5,a5,0xb
  100996:	04e4                	addi	s1,sp,588
  100998:	9294                	0x9294
  10099a:	0ec8                	addi	a0,sp,852
  10099c:	1b360be3          	beq	a2,s3,101352 <_end+0x34a>
  1009a0:	9eb4                	0x9eb4
  1009a2:	0599                	addi	a1,a1,6
  1009a4:	6078                	flw	fa4,68(s0)
  1009a6:	0776                	slli	a4,a4,0x1d
  1009a8:	ee9e                	fsw	ft7,92(sp)
  1009aa:	ede1                	bnez	a1,100a82 <data+0xa7e>
  1009ac:	06a747f3          	0x6a747f3
  1009b0:	8ca8                	0x8ca8
  1009b2:	048d                	addi	s1,s1,3
  1009b4:	be2c                	fsd	fa1,120(a2)
  1009b6:	ef05                	bnez	a4,1009ee <data+0x9ea>
  1009b8:	ee71                	bnez	a2,100a94 <data+0xa90>
  1009ba:	f890                	fsw	fa2,48(s1)
  1009bc:	95b4                	0x95b4
  1009be:	1d3e                	slli	s10,s10,0x2f
  1009c0:	0765628f          	0x765628f
  1009c4:	afaa                	fsd	fa0,472(sp)
  1009c6:	b410185b          	0xb410185b
  1009ca:	e744                	fsw	fs1,12(a4)
  1009cc:	773a                	flw	fa4,172(sp)
  1009ce:	0281                	addi	t0,t0,0
  1009d0:	19a2                	slli	s3,s3,0x28
  1009d2:	a9dcf407          	0xa9dcf407
  1009d6:	ec08                	fsw	fa0,24(s0)
  1009d8:	0bbd                	addi	s7,s7,15
  1009da:	bd6ae4ef          	jal	s1,aedb0 <__stack_size+0xaddb0>
  1009de:	e62a                	fsw	fa0,12(sp)
  1009e0:	ebea                	fsw	fs10,212(sp)
  1009e2:	02d8                	addi	a4,sp,324
  1009e4:	17b8                	addi	a4,sp,1000
  1009e6:	0dc6                	slli	s11,s11,0x11
  1009e8:	8e7a                	mv	t3,t5
  1009ea:	e9bc                	fsw	fa5,80(a1)
  1009ec:	7721                	lui	a4,0xfffe8
  1009ee:	f2a0                	fsw	fs0,96(a3)
  1009f0:	97a9                	srai	a5,a5,0x2a
  1009f2:	da2ee5bf ce04f45b 	0xce04f45bda2ee5bf
  1009fa:	fb52                	fsw	fs4,180(sp)
  1009fc:	9844                	0x9844
  1009fe:	a1320acf          	fnmadd.s	fs5,ft4,fs3,fs4,rne
  100a02:	0e5e                	slli	t3,t3,0x17
  100a04:	1572939b          	0x1572939b
  100a08:	c264                	sw	s1,68(a2)
  100a0a:	dc72ee87          	0xdc72ee87
  100a0e:	e864                	fsw	fs1,84(s0)
  100a10:	fa5ff34f          	fnmadd.d	ft6,ft11,ft5,ft11
  100a14:	b7ad                	j	10097e <data+0x97a>
  100a16:	f629                	bnez	a2,100960 <data+0x95c>
  100a18:	13889207          	0x13889207
  100a1c:	fbce65e7          	0xfbce65e7
  100a20:	91f5                	srli	a1,a1,0x3d
  100a22:	fe40040b          	0xfe40040b
  100a26:	16c1                	addi	a3,a3,-16
  100a28:	d942                	sw	a6,176(sp)
  100a2a:	17e6                	slli	a5,a5,0x39
  100a2c:	ad3a                	fsd	fa4,152(sp)
  100a2e:	fcaa                	fsw	fa0,120(sp)
  100a30:	fbcf46ab          	0xfbcf46ab
  100a34:	5d5a                	lw	s10,180(sp)
  100a36:	ae9b13c7          	fmsub.q	ft7,fs6,fs1,fs5,rtz
  100a3a:	3e57fca3          	0x3e57fca3
  100a3e:	f621                	bnez	a2,100986 <data+0x982>
  100a40:	e18a                	fsw	ft2,192(sp)
  100a42:	f12a                	fsw	fa0,160(sp)
  100a44:	baca                	fsd	fs2,368(sp)
  100a46:	00dc                	addi	a5,sp,68
  100a48:	6126                	flw	ft2,72(sp)
  100a4a:	e775                	bnez	a4,100b36 <data+0xb32>
  100a4c:	a0e4                	fsd	fs1,192(s1)
  100a4e:	0c0c                	addi	a1,sp,528
  100a50:	0d97ffeb          	0xd97ffeb
  100a54:	3506                	fld	fa0,96(sp)
  100a56:	0218                	addi	a4,sp,256
  100a58:	0104                	addi	s1,sp,128
  100a5a:	b65815b7          	lui	a1,0xb6581
  100a5e:	12e1                	addi	t0,t0,-8
  100a60:	20c8                	fld	fa0,128(s1)
  100a62:	bad5ff53          	0xbad5ff53
  100a66:	a7bdfbe7          	0xa7bdfbe7
  100a6a:	f27e                	fsw	ft11,36(sp)
  100a6c:	634e                	flw	ft6,208(sp)
  100a6e:	2f99f2d3          	0x2f99f2d3
  100a72:	406df203          	0x406df203
  100a76:	0959                	addi	s2,s2,22
  100a78:	615e                	flw	ft2,212(sp)
  100a7a:	0a55                	addi	s4,s4,21
  100a7c:	eeb6                	fsw	fa3,92(sp)
  100a7e:	1b09                	addi	s6,s6,-30
  100a80:	5239                	li	tp,-18
  100a82:	0f9a                	slli	t6,t6,0x6
  100a84:	03a2                	slli	t2,t2,0x8
  100a86:	039d                	addi	t2,t2,7
  100a88:	29b4                	fld	fa3,80(a1)
  100a8a:	0bc2                	slli	s7,s7,0x10
  100a8c:	bc92                	fsd	ft4,120(sp)
  100a8e:	f0e0                	fsw	fs0,100(s1)
  100a90:	bf50                	fsd	fa2,184(a4)
  100a92:	1448                	addi	a0,sp,548
  100a94:	98f0                	0x98f0
  100a96:	1cba                	slli	s9,s9,0x2e
  100a98:	1395                	addi	t2,t2,-27
  100a9a:	0959                	addi	s2,s2,22
  100a9c:	6ba5                	lui	s7,0x9
  100a9e:	12a0                	addi	s0,sp,360
  100aa0:	e561f703          	0xe561f703
  100aa4:	2a19                	jal	100bba <data+0xbb6>
  100aa6:	14c9                	addi	s1,s1,-14
  100aa8:	b436                	fsd	fa3,40(sp)
  100aaa:	ec29                	bnez	s0,100b04 <data+0xb00>
  100aac:	7f89                	lui	t6,0xfffe2
  100aae:	06fe                	slli	a3,a3,0x1f
  100ab0:	2d19                	jal	1010c6 <_end+0xbe>
  100ab2:	034d                	addi	t1,t1,19
  100ab4:	9726                	add	a4,a4,s1
  100ab6:	fabe                	fsw	fa5,116(sp)
  100ab8:	1b792ac3          	fmadd.d	fs5,fs2,fs7,ft3,rdn
  100abc:	f80e                	fsw	ft3,48(sp)
  100abe:	f4e1                	bnez	s1,100a86 <data+0xa82>
  100ac0:	042eafd3          	0x42eafd3
  100ac4:	8721                	srai	a4,a4,0x8
  100ac6:	bec60b27          	0xbec60b27
  100aca:	df9b1903          	lh	s2,-519(s6)
  100ace:	7c07e2d3          	0x7c07e2d3
  100ad2:	00ea                	slli	ra,ra,0x1a
  100ad4:	1df6                	slli	s11,s11,0x3d
  100ad6:	f79e                	fsw	ft7,236(sp)
  100ad8:	16b8                	addi	a4,sp,872
  100ada:	e8fc                	fsw	fa5,84(s1)
  100adc:	2e04                	fld	fs1,24(a2)
  100ade:	3374094f          	fnmadd.d	fs2,fs0,fs7,ft6,rne
  100ae2:	07b5                	addi	a5,a5,13
  100ae4:	fa74                	fsw	fa3,116(a2)
  100ae6:	ec45                	bnez	s0,100b9e <data+0xb9a>
  100ae8:	f8893c4b          	fnmsub.s	fs8,fs2,fs0,ft11,rup
  100aec:	b60a                	fsd	ft2,296(sp)
  100aee:	ec49                	bnez	s0,100b88 <data+0xb84>
  100af0:	7048                	flw	fa0,36(s0)
  100af2:	186e                	slli	a6,a6,0x3b
  100af4:	b470                	fsd	fa2,232(s0)
  100af6:	17a5                	addi	a5,a5,-23
  100af8:	e855                	bnez	s0,100bac <data+0xba8>
  100afa:	0111                	addi	sp,sp,4
  100afc:	2855                	jal	100bb0 <data+0xbac>
  100afe:	e959                	bnez	a0,100b94 <data+0xb90>
  100b00:	0c48                	addi	a0,sp,532
  100b02:	0644                	addi	s1,sp,772
  100b04:	3b7f                	0x3b7f
  100b06:	02da                	slli	t0,t0,0x16
  100b08:	e7e0                	fsw	fs0,76(a5)
  100b0a:	4460e347          	0x4460e347
  100b0e:	426e024f          	fnmadd.d	ft4,ft8,ft6,fs0,rne
  100b12:	fcf5ec8f          	0xfcf5ec8f
  100b16:	f7aa                	fsw	fa0,236(sp)
  100b18:	602a                	flw	ft0,136(sp)
  100b1a:	19b5                	addi	s3,s3,-19
  100b1c:	28a9                	jal	100b76 <data+0xb72>
  100b1e:	ec49                	bnez	s0,100bb8 <data+0xbb4>
  100b20:	d3f9                	beqz	a5,100ae6 <data+0xae2>
  100b22:	0411                	addi	s0,s0,4
  100b24:	ae66                	fsd	fs9,280(sp)
  100b26:	ed0a                	fsw	ft2,152(sp)
  100b28:	912e                	add	sp,sp,a1
  100b2a:	50cff383          	0x50cff383
  100b2e:	1548                	addi	a0,sp,676
  100b30:	d064                	sw	s1,100(s0)
  100b32:	fe6e                	fsw	fs11,60(sp)
  100b34:	c50d                	beqz	a0,100b5e <data+0xb5a>
  100b36:	23bf013b          	0x23bf013b
  100b3a:	f264                	fsw	fs1,100(a2)
  100b3c:	0c82                	c.slli64	s9
  100b3e:	1cea                	slli	s9,s9,0x3a
  100b40:	a27a                	fsd	ft10,256(sp)
  100b42:	4933eb23          	0x4933eb23
  100b46:	f2a0                	fsw	fs0,96(a3)
  100b48:	a139                	j	100f56 <data+0xf52>
  100b4a:	0b15                	addi	s6,s6,5
  100b4c:	aee0                	fsd	fs0,216(a3)
  100b4e:	013e                	slli	sp,sp,0xf
  100b50:	7e20                	flw	fs0,120(a2)
  100b52:	0f12                	slli	t5,t5,0x4
  100b54:	02d8052b          	0x2d8052b
  100b58:	99c1                	andi	a1,a1,-16
  100b5a:	160a                	slli	a2,a2,0x22
  100b5c:	9190                	0x9190
  100b5e:	ebd1                	bnez	a5,100bf2 <data+0xbee>
  100b60:	fb47356b          	0xfb47356b
  100b64:	1edc                	addi	a5,sp,884
  100b66:	8c440e5b          	0x8c440e5b
  100b6a:	287ee493          	ori	s1,t4,647
  100b6e:	06d0                	addi	a2,sp,836
  100b70:	3a10                	fld	fa2,48(a2)
  100b72:	fad8                	fsw	fa4,52(a3)
  100b74:	734a                	flw	ft6,176(sp)
  100b76:	ec7a                	fsw	ft10,24(sp)
  100b78:	34b6                	fld	fs1,360(sp)
  100b7a:	c4d6e873          	csrrsi	a6,0xc4d,13
  100b7e:	02d6                	slli	t0,t0,0x15
  100b80:	d772                	sw	t3,172(sp)
  100b82:	0061                	c.nop	24
  100b84:	e38e                	fsw	ft3,196(sp)
  100b86:	fb61                	bnez	a4,100b56 <data+0xb52>
  100b88:	0e74                	addi	a3,sp,796
  100b8a:	fe3c                	fsw	fa5,120(a2)
  100b8c:	8458                	0x8458
  100b8e:	fd40                	fsw	fs0,60(a0)
  100b90:	693c                	flw	fa5,80(a0)
  100b92:	1015                	c.nop	-27
  100b94:	fcc9                	bnez	s1,100b2e <data+0xb2a>
  100b96:	fd89                	bnez	a1,100ab0 <data+0xaac>
  100b98:	ad1d                	j	1011ce <_end+0x1c6>
  100b9a:	0574                	addi	a3,sp,652
  100b9c:	e5f1cb33          	0xe5f1cb33
  100ba0:	d449                	beqz	s0,100b2a <data+0xb26>
  100ba2:	ed8a                	fsw	ft2,216(sp)
  100ba4:	ecea                	fsw	fs10,88(sp)
  100ba6:	e7b0                	fsw	fa2,72(a5)
  100ba8:	7f02                	flw	ft10,32(sp)
  100baa:	e312                	fsw	ft4,132(sp)
  100bac:	0de4b90f          	0xde4b90f
  100bb0:	0bac9357          	0xbac9357
  100bb4:	c8b0                	sw	a2,80(s1)
  100bb6:	f921                	bnez	a0,100b06 <data+0xb02>
  100bb8:	ee65a593          	slti	a1,a1,-282
  100bbc:	5390                	lw	a2,32(a5)
  100bbe:	0b6d                	addi	s6,s6,27
  100bc0:	bf7f                	0xbf7f
  100bc2:	1fde16fb          	0x1fde16fb
  100bc6:	0036                	c.slli	zero,0xd
  100bc8:	ef00357b          	0xef00357b
  100bcc:	74f2                	flw	fs1,60(sp)
  100bce:	1820                	addi	s0,sp,56
  100bd0:	5c68                	lw	a0,124(s0)
  100bd2:	ef5e                	fsw	fs7,156(sp)
  100bd4:	3e56                	fld	ft8,368(sp)
  100bd6:	f411                	bnez	s0,100ae2 <data+0xade>
  100bd8:	6002                	flw	ft0,0(sp)
  100bda:	fc81                	bnez	s1,100af2 <data+0xaee>
  100bdc:	8c86                	mv	s9,ra
  100bde:	e3ba                	fsw	fa4,196(sp)
  100be0:	8f00                	0x8f00
  100be2:	1d61                	addi	s10,s10,-8
  100be4:	272c                	fld	fa1,72(a4)
  100be6:	08c5                	addi	a7,a7,17
  100be8:	0b2d3b27          	fsd	fs2,182(s10) # 80b6 <__stack_size+0x70b6>
  100bec:	5af9                	li	s5,-2
  100bee:	00f5                	addi	ra,ra,29
  100bf0:	6842                	flw	fa6,16(sp)
  100bf2:	12ba                	slli	t0,t0,0x2e
  100bf4:	250d                	jal	101216 <_end+0x20e>
  100bf6:	0258                	addi	a4,sp,260
  100bf8:	f63d8d43          	fmadd.q	fs10,fs11,ft3,ft10,rne
  100bfc:	ff1d                	bnez	a4,100b3a <data+0xb36>
  100bfe:	e2cd                	bnez	a3,100ca0 <data+0xc9c>
  100c00:	e37a2d93          	slti	s11,s4,-457
  100c04:	d330                	sw	a2,96(a4)
  100c06:	e6c2                	fsw	fa6,76(sp)
  100c08:	8490                	0x8490
  100c0a:	1fcce307          	0x1fcce307
  100c0e:	2a6a168f          	0x2a6a168f
  100c12:	e97e                	fsw	ft11,144(sp)
  100c14:	bc58                	fsd	fa4,184(s0)
  100c16:	1adb1343          	fmadd.d	ft6,fs6,fa3,ft3,rtz
  100c1a:	d1cf00a3          	sb	t3,-767(t5)
  100c1e:	ee98                	fsw	fa4,24(a3)
  100c20:	ec81                	bnez	s1,100c38 <data+0xc34>
  100c22:	0cec                	addi	a1,sp,604
  100c24:	ec6b74d7          	0xec6b74d7
  100c28:	7f2a                	flw	ft10,168(sp)
  100c2a:	fbb4                	fsw	fa3,112(a5)
  100c2c:	0a50a4f7          	0xa50a4f7
  100c30:	0ac0                	addi	s0,sp,340
  100c32:	f06c                	fsw	fa1,100(s0)
  100c34:	f6a64e4f          	fnmadd.q	ft8,fa2,fa0,ft10,rmm
  100c38:	11b1d28b          	0x11b1d28b
  100c3c:	4d3d                	li	s10,15
  100c3e:	eb8a                	fsw	ft2,212(sp)
  100c40:	42fe                	lw	t0,220(sp)
  100c42:	eb6c                	fsw	fa1,84(a4)
  100c44:	bee4                	fsd	fs1,248(a3)
  100c46:	0041                	c.nop	16
  100c48:	2bd2                	fld	fs7,272(sp)
  100c4a:	a090fda7          	0xa090fda7
  100c4e:	f0b9                	bnez	s1,100b94 <data+0xb90>
  100c50:	5e14                	lw	a3,56(a2)
  100c52:	d34a112f          	0xd34a112f
  100c56:	038a                	slli	t2,t2,0x2
  100c58:	f713f2eb          	0xf713f2eb
  100c5c:	115ae54b          	fnmsub.s	fa0,fs5,fs5,ft2,unknown
  100c60:	ede5                	bnez	a1,100d58 <data+0xd54>
  100c62:	fe7e                	fsw	ft11,60(sp)
  100c64:	ff2e                	fsw	fa1,188(sp)
  100c66:	ff41                	bnez	a4,100bfe <data+0xbfa>
  100c68:	8789                	srai	a5,a5,0x2
  100c6a:	189d                	addi	a7,a7,-25
  100c6c:	b072                	fsd	ft8,32(sp)
  100c6e:	ea68                	fsw	fa0,84(a2)
  100c70:	04c9c8e7          	0x4c9c8e7
  100c74:	f430                	fsw	fa2,104(s0)
  100c76:	fefd                	bnez	a3,100c74 <data+0xc70>
  100c78:	1228                	addi	a0,sp,296
  100c7a:	f2fc                	fsw	fa5,100(a3)
  100c7c:	45fe                	lw	a1,220(sp)
  100c7e:	1a75                	addi	s4,s4,-3
  100c80:	c97e                	sw	t6,144(sp)
  100c82:	af7618d7          	0xaf7618d7
  100c86:	0645                	addi	a2,a2,17
  100c88:	5b31                	li	s6,-20
  100c8a:	c8191a83          	lh	s5,-895(s2)
  100c8e:	5f69fd27          	0x5f69fd27
  100c92:	1428                	addi	a0,sp,552
  100c94:	8314                	0x8314
  100c96:	4247f1c3          	fmadd.d	ft3,fa5,ft4,fs0
  100c9a:	ec9d                	bnez	s1,100cd8 <data+0xcd4>
  100c9c:	1074                	addi	a3,sp,44
  100c9e:	2c5e095b          	0x2c5e095b
  100ca2:	18ea                	slli	a7,a7,0x3a
  100ca4:	179a                	slli	a5,a5,0x26
  100ca6:	19e1                	addi	s3,s3,-8
  100ca8:	f172                	fsw	ft8,160(sp)
  100caa:	0310                	addi	a2,sp,384
  100cac:	6e8e                	flw	ft9,192(sp)
  100cae:	02d4                	addi	a3,sp,324
  100cb0:	602d                	c.lui	zero,0xb
  100cb2:	097d                	addi	s2,s2,31
  100cb4:	eabdfd83          	0xeabdfd83
  100cb8:	5919                	li	s2,-26
  100cba:	0d06                	slli	s10,s10,0x1
  100cbc:	fc39d57b          	0xfc39d57b
  100cc0:	bb62                	fsd	fs8,432(sp)
  100cc2:	f715                	bnez	a4,100bee <data+0xbea>
  100cc4:	0b410f73          	0xb410f73
  100cc8:	4f8d                	li	t6,3
  100cca:	fc36                	fsw	fa3,56(sp)
  100ccc:	40c4                	lw	s1,4(s1)
  100cce:	1a99                	addi	s5,s5,-26
  100cd0:	ffb4                	fsw	fa3,120(a5)
  100cd2:	19ce                	slli	s3,s3,0x33
  100cd4:	f563d04b          	0xf563d04b
  100cd8:	fa953c13          	sltiu	s8,a0,-87
  100cdc:	e7b25967          	0xe7b25967
  100ce0:	f77b60ef          	jal	ra,b7c56 <__stack_size+0xb6c56>
  100ce4:	0342                	slli	t1,t1,0x10
  100ce6:	1284                	addi	s1,sp,352
  100ce8:	ebccd203          	lhu	tp,-324(s9) # 1ee4050a <_sp+0x1ed3e502>
  100cec:	0ce5                	addi	s9,s9,25
  100cee:	10a9                	addi	ra,ra,-22
  100cf0:	e4222af3          	csrrs	s5,0xe42,tp
  100cf4:	fc4d                	bnez	s0,100cae <data+0xcaa>
  100cf6:	ef68                	fsw	fa0,92(a4)
  100cf8:	6ad8                	flw	fa4,20(a3)
  100cfa:	0efe                	slli	t4,t4,0x1f
  100cfc:	0439                	addi	s0,s0,14
  100cfe:	08fa                	slli	a7,a7,0x1e
  100d00:	55c4                	lw	s1,44(a1)
  100d02:	065a                	slli	a2,a2,0x16
  100d04:	183c                	addi	a5,sp,56
  100d06:	50d715f7          	0x50d715f7
  100d0a:	4b01e8a7          	0x4b01e8a7
  100d0e:	ff7c                	fsw	fa5,124(a4)
  100d10:	8ed2                	mv	t4,s4
  100d12:	f246                	fsw	fa7,36(sp)
  100d14:	56b5                	li	a3,-19
  100d16:	0332                	slli	t1,t1,0xc
  100d18:	0b76                	slli	s6,s6,0x1d
  100d1a:	fb42                	fsw	fa6,180(sp)
  100d1c:	dcc4                	sw	s1,60(s1)
  100d1e:	f261                	bnez	a2,100cde <data+0xcda>
  100d20:	9e32                	add	t3,t3,a2
  100d22:	0c58                	addi	a4,sp,532
  100d24:	14aa                	slli	s1,s1,0x2a
  100d26:	61ab0b83          	lb	s7,1562(s6)
  100d2a:	f389                	bnez	a5,100c2c <data+0xc28>
  100d2c:	18bc                	addi	a5,sp,120
  100d2e:	0124                	addi	s1,sp,136
  100d30:	e0ed                	bnez	s1,100e12 <data+0xe0e>
  100d32:	027f                	0x27f
  100d34:	f41faa3f 158edc36 	0x158edc36f41faa3f
  100d3c:	9fd0                	0x9fd0
  100d3e:	f6ac                	fsw	fa1,104(a3)
  100d40:	251d                	jal	101366 <_end+0x35e>
  100d42:	1b34                	addi	a3,sp,440
  100d44:	ffc8dbab          	0xffc8dbab
  100d48:	95e8                	0x95e8
  100d4a:	792cfbe7          	0x792cfbe7
  100d4e:	0c7f                	0xc7f
  100d50:	06eaab2f          	amoadd.w.aqrl	s6,a4,(s5)
  100d54:	f279                	bnez	a2,100d1a <data+0xd16>
  100d56:	e905                	bnez	a0,100d86 <data+0xd82>
  100d58:	11538097          	auipc	ra,0x11538
  100d5c:	34c0                	fld	fs0,168(s1)
  100d5e:	05d2                	slli	a1,a1,0x14
  100d60:	3eaa                	fld	ft9,168(sp)
  100d62:	1596                	slli	a1,a1,0x25
  100d64:	b005                	j	100584 <data+0x580>
  100d66:	9cb6f187          	0x9cb6f187
  100d6a:	0b9d                	addi	s7,s7,7
  100d6c:	687e                	flw	fa6,220(sp)
  100d6e:	c13b0997          	auipc	s3,0xc13b0
  100d72:	f635                	bnez	a2,100cde <data+0xcda>
  100d74:	59fd                	li	s3,-1
  100d76:	fb0e                	fsw	ft3,180(sp)
  100d78:	89fe                	mv	s3,t6
  100d7a:	fde6                	fsw	fs9,248(sp)
  100d7c:	702e                	flw	ft0,232(sp)
  100d7e:	e7a5                	bnez	a5,100de6 <data+0xde2>
  100d80:	ca89                	beqz	a3,100d92 <data+0xd8e>
  100d82:	1b1c                	addi	a5,sp,432
  100d84:	6b61                	lui	s6,0x18
  100d86:	fdc9ed17          	auipc	s10,0xfdc9e
  100d8a:	b21af96f          	jal	s2,b08aa <__stack_size+0xaf8aa>
  100d8e:	0d7f                	0xd7f
  100d90:	a9dc                	fsd	fa5,144(a1)
  100d92:	044a                	slli	s0,s0,0x12
  100d94:	ff031e17          	auipc	t3,0xff031
  100d98:	0a88                	addi	a0,sp,336
  100d9a:	18a9                	addi	a7,a7,-22
  100d9c:	25d8                	fld	fa4,136(a1)
  100d9e:	b0cde4bb          	0xb0cde4bb
  100da2:	aef90807          	0xaef90807
  100da6:	0926                	slli	s2,s2,0x9
  100da8:	f7266f07          	0xf7266f07
  100dac:	6e66                	flw	ft8,88(sp)
  100dae:	f48d                	bnez	s1,100cd8 <data+0xcd4>
  100db0:	0138                	addi	a4,sp,136
  100db2:	0131                	addi	sp,sp,12
  100db4:	3089                	jal	1005f6 <data+0x5f2>
  100db6:	f7fa                	fsw	ft10,236(sp)
  100db8:	05ee                	slli	a1,a1,0x1b
  100dba:	01fa                	slli	gp,gp,0x1e
  100dbc:	3d06                	fld	fs10,96(sp)
  100dbe:	e5a1                	bnez	a1,100e06 <data+0xe02>
  100dc0:	ea727c13          	andi	s8,tp,-345
  100dc4:	e58f412b          	0xe58f412b
  100dc8:	0c753f1b          	0xc753f1b
  100dcc:	4de1                	li	s11,24
  100dce:	ff8af18f          	0xff8af18f
  100dd2:	698ee693          	ori	a3,t4,1688
  100dd6:	1175                	addi	sp,sp,-3
  100dd8:	e9eaa5a7          	fsw	ft10,-373(s5) # d030e2fd <_vram_base+0x5040e2fd>
  100ddc:	c8d8                	sw	a4,20(s1)
  100dde:	044d                	addi	s0,s0,19
  100de0:	2f9d                	jal	101556 <_end+0x54e>
  100de2:	a0900877          	0xa0900877
  100de6:	152e                	slli	a0,a0,0x2b
  100de8:	8fa8                	0x8fa8
  100dea:	3c43f843          	0x3c43f843
  100dee:	495b02a3          	sb	s5,1157(s6) # 18485 <__stack_size+0x17485>
  100df2:	e319                	bnez	a4,100df8 <data+0xdf4>
  100df4:	e23d                	bnez	a2,100e5a <data+0xe56>
  100df6:	17ed                	addi	a5,a5,-5
  100df8:	4581                	li	a1,0
  100dfa:	e85d                	bnez	s0,100eb0 <data+0xeac>
  100dfc:	6808                	flw	fa0,16(s0)
  100dfe:	e84aed77          	0xe84aed77
  100e02:	11d5                	addi	gp,gp,-11
  100e04:	85ff                	0x85ff
  100e06:	6d83eed3          	0x6d83eed3
  100e0a:	e27f                	0xe27f
  100e0c:	d199                	beqz	a1,100d12 <data+0xd0e>
  100e0e:	05fd                	addi	a1,a1,31
  100e10:	c2ba                	sw	a4,68(sp)
  100e12:	ec60                	fsw	fs0,92(s0)
  100e14:	f963176f          	jal	a4,325aa <__stack_size+0x315aa>
  100e18:	0cb85eb3          	0xcb85eb3
  100e1c:	69d2                	flw	fs3,20(sp)
  100e1e:	0b75                	addi	s6,s6,29
  100e20:	03a0                	addi	s0,sp,456
  100e22:	f0ff                	0xf0ff
  100e24:	ae0c                	fsd	fa1,24(a2)
  100e26:	f07a                	fsw	ft10,32(sp)
  100e28:	ea444773          	0xea444773
  100e2c:	b45a                	fsd	fs6,40(sp)
  100e2e:	18351313          	0x18351313
  100e32:	fa02                	fsw	ft0,52(sp)
  100e34:	92c2                	add	t0,t0,a6
  100e36:	056d                	addi	a0,a0,27
  100e38:	1a49                	addi	s4,s4,-14
  100e3a:	a9db10ab          	0xa9db10ab
  100e3e:	ed09                	bnez	a0,100e58 <data+0xe54>
  100e40:	7820                	flw	fs0,112(s0)
  100e42:	bfab1b87          	0xbfab1b87
  100e46:	192e                	slli	s2,s2,0x2b
  100e48:	798a                	flw	fs3,160(sp)
  100e4a:	fbd4                	fsw	fa3,52(a5)
  100e4c:	f5612da3          	sw	s6,-165(sp) # bd9c1761 <_vram_base+0x3dac1761>
  100e50:	4b05                	li	s6,1
  100e52:	1a04                	addi	s1,sp,304
  100e54:	25b1                	jal	1014a0 <_end+0x498>
  100e56:	fc58                	fsw	fa4,60(s0)
  100e58:	6481                	0x6481
  100e5a:	efe1                	bnez	a5,100f32 <data+0xf2e>
  100e5c:	7a9c                	flw	fa5,48(a3)
  100e5e:	f18a                	fsw	ft2,224(sp)
  100e60:	5ad5                	li	s5,-11
  100e62:	0378                	addi	a4,sp,396
  100e64:	e34a                	fsw	fs2,132(sp)
  100e66:	8abc0523          	sb	a1,-1878(s8)
  100e6a:	eba4                	fsw	fs1,80(a5)
  100e6c:	4364                	lw	s1,68(a4)
  100e6e:	b968fc33          	0xb968fc33
  100e72:	f2da                	fsw	fs6,100(sp)
  100e74:	812c                	0x812c
  100e76:	e075ef6f          	jal	t5,5fc7c <__stack_size+0x5ec7c>
  100e7a:	f01d                	bnez	s0,100da0 <data+0xd9c>
  100e7c:	0c15                	addi	s8,s8,5
  100e7e:	5401f05b          	0x5401f05b
  100e82:	ebba                	fsw	fa4,212(sp)
  100e84:	19f2                	slli	s3,s3,0x3c
  100e86:	0ce9                	addi	s9,s9,26
  100e88:	1972                	slli	s2,s2,0x3c
  100e8a:	8234eeb3          	0x8234eeb3
  100e8e:	6e100133          	0x6e100133
  100e92:	0eee                	slli	t4,t4,0x1b
  100e94:	627c                	flw	fa5,68(a2)
  100e96:	ffe6                	fsw	fs9,252(sp)
  100e98:	6b39                	lui	s6,0xe
  100e9a:	f0f4                	fsw	fa3,100(s1)
  100e9c:	aac2                	fsd	fa6,336(sp)
  100e9e:	334dedc3          	fmadd.d	fs11,fs11,fs4,ft6,unknown
  100ea2:	1bde                	slli	s7,s7,0x37
  100ea4:	279c                	fld	fa5,8(a5)
  100ea6:	e586                	fsw	ft1,200(sp)
  100ea8:	dc24                	sw	s1,120(s0)
  100eaa:	0bc4                	addi	s1,sp,468
  100eac:	9926                	add	s2,s2,s1
  100eae:	f26a                	fsw	fs10,36(sp)
  100eb0:	f38a                	fsw	ft2,228(sp)
  100eb2:	1d8c                	addi	a1,sp,752
  100eb4:	899f 1800 20e8      	0x20e81800899f
  100eba:	10dc                	addi	a5,sp,100
  100ebc:	0e6394fb          	0xe6394fb
  100ec0:	0df0                	addi	a2,sp,732
  100ec2:	ed82                	fsw	ft0,216(sp)
  100ec4:	ff5e62db          	0xff5e62db
  100ec8:	f7a26d53          	0xf7a26d53
  100ecc:	0eefb79b          	0xeefb79b
  100ed0:	2ba2                	fld	fs7,8(sp)
  100ed2:	f366                	fsw	fs9,164(sp)
  100ed4:	8f4e                	mv	t5,s3
  100ed6:	f936                	fsw	fa3,176(sp)
  100ed8:	2fa9                	jal	101632 <_end+0x62a>
  100eda:	5370e98f          	0x5370e98f
  100ede:	e655                	bnez	a2,100f8a <data+0xf86>
  100ee0:	814a                	mv	sp,s2
  100ee2:	e56d                	bnez	a0,100fcc <data+0xfc8>
  100ee4:	12e5a497          	auipc	s1,0x12e5a
  100ee8:	6554                	flw	fa3,12(a0)
  100eea:	eec1                	bnez	a3,100f82 <data+0xf7e>
  100eec:	eda0                	fsw	fs0,88(a1)
  100eee:	15b9                	addi	a1,a1,-18
  100ef0:	83c0                	0x83c0
  100ef2:	e458                	fsw	fa4,12(s0)
  100ef4:	4809                	li	a6,2
  100ef6:	ee810a57          	0xee810a57
  100efa:	06e0                	addi	s0,sp,844
  100efc:	1330                	addi	a2,sp,424
  100efe:	0c9a                	slli	s9,s9,0x6
  100f00:	1b44                	addi	s1,sp,436
  100f02:	0c0d                	addi	s8,s8,3
  100f04:	15692b2b          	0x15692b2b
  100f08:	2aec                	fld	fa1,208(a3)
  100f0a:	15ff                	0x15ff
  100f0c:	fc9c820f          	0xfc9c820f
  100f10:	c2a8                	sw	a0,64(a3)
  100f12:	04f0                	addi	a2,sp,588
  100f14:	9885                	andi	s1,s1,-31
  100f16:	f950                	fsw	fa2,52(a0)
  100f18:	2050                	fld	fa2,128(s0)
  100f1a:	f248eb87          	0xf248eb87
  100f1e:	86750f7b          	0x86750f7b
  100f22:	e5d9                	bnez	a1,100fb0 <data+0xfac>
  100f24:	d97f                	0xd97f
  100f26:	b5cb1d23          	sh	t3,-1190(s6) # db5a <__stack_size+0xcb5a>
  100f2a:	f48c                	fsw	fa1,40(s1)
  100f2c:	3e50                	fld	fa2,184(a2)
  100f2e:	f6ee                	fsw	fs11,108(sp)
  100f30:	ca06                	sw	ra,20(sp)
  100f32:	fb8e                	fsw	ft3,244(sp)
  100f34:	b1de                	fsd	fs7,224(sp)
  100f36:	069c                	addi	a5,sp,832
  100f38:	3408                	fld	fa0,40(s0)
  100f3a:	1318                	addi	a4,sp,416
  100f3c:	e85d2e67          	0xe85d2e67
  100f40:	b148                	fsd	fa0,160(a0)
  100f42:	4de0ea3b          	0x4de0ea3b
  100f46:	e608                	fsw	fa0,8(a2)
  100f48:	759c                	flw	fa5,40(a1)
  100f4a:	0e32                	slli	t3,t3,0xc
  100f4c:	cec4                	sw	s1,28(a3)
  100f4e:	f469                	bnez	s0,100f18 <data+0xf14>
  100f50:	e2f44693          	xori	a3,s0,-465
  100f54:	4626                	lw	a2,72(sp)
  100f56:	0f46ee23          	0xf46ee23
  100f5a:	1a42                	slli	s4,s4,0x30
  100f5c:	0582                	c.slli64	a1
  100f5e:	fb42                	fsw	fa6,180(sp)
  100f60:	a5b9                	j	1015ae <_end+0x5a6>
  100f62:	12b4                	addi	a3,sp,360
  100f64:	875d                	srai	a4,a4,0x17
  100f66:	7b0d1c0f          	0x7b0d1c0f
  100f6a:	0939                	addi	s2,s2,14
  100f6c:	b84d                	j	10081e <data+0x81a>
  100f6e:	00d0e2e3          	bltu	ra,a3,101772 <_end+0x76a>
  100f72:	921dee27          	0x921dee27
  100f76:	04681173          	csrrw	sp,0x46,a6
  100f7a:	e315                	bnez	a4,100f9e <data+0xf9a>
  100f7c:	2fc0                	fld	fs0,152(a5)
  100f7e:	fc50                	fsw	fa2,60(s0)
  100f80:	d359                	beqz	a4,100f06 <data+0xf02>
  100f82:	12d5                	addi	t0,t0,-11
  100f84:	f201b877          	0xf201b877
  100f88:	95cd                	srai	a1,a1,0x33
  100f8a:	12a9                	addi	t0,t0,-22
  100f8c:	e9d5                	bnez	a1,101040 <_end+0x38>
  100f8e:	e44e                	fsw	fs3,8(sp)
  100f90:	0561eda7          	0x561eda7
  100f94:	c5f0                	sw	a2,76(a1)
  100f96:	f386                	fsw	ft1,228(sp)
  100f98:	d11e                	sw	t2,160(sp)
  100f9a:	f241                	bnez	a2,100f1a <data+0xf16>
  100f9c:	962e                	add	a2,a2,a1
  100f9e:	1d3d                	addi	s10,s10,-17
  100fa0:	81a8                	0x81a8
  100fa2:	1662                	slli	a2,a2,0x38
  100fa4:	6471                	lui	s0,0x1c
  100fa6:	06a6                	slli	a3,a3,0x9
  100fa8:	e589                	bnez	a1,100fb2 <data+0xfae>
  100faa:	168a                	slli	a3,a3,0x22
  100fac:	fbfe48c3          	fmadd.d	fa7,ft8,ft11,ft11,rmm
  100fb0:	3be4                	fld	fs1,240(a5)
  100fb2:	0ada                	slli	s5,s5,0x16
  100fb4:	e2c4                	fsw	fs1,4(a3)
  100fb6:	f48a                	fsw	ft2,104(sp)
  100fb8:	2902                	fld	fs2,0(sp)
  100fba:	faa2                	fsw	fs0,116(sp)
  100fbc:	91ac                	0x91ac
  100fbe:	0aab10bb          	0xaab10bb
  100fc2:	fd2c                	fsw	fa1,120(a0)
  100fc4:	349f 00af 3804      	0x380400af349f
  100fca:	ee49                	bnez	a2,101064 <_end+0x5c>
  100fcc:	5d22                	lw	s10,40(sp)
  100fce:	f7b5                	bnez	a5,100f3a <data+0xf36>
  100fd0:	57bd                	li	a5,-17
  100fd2:	04a9                	addi	s1,s1,10
  100fd4:	80a6                	mv	ra,s1
  100fd6:	080a                	slli	a6,a6,0x2
  100fd8:	0548                	addi	a0,sp,644
  100fda:	f91b1757          	0xf91b1757
  100fde:	f182                	fsw	ft0,224(sp)
  100fe0:	0ae73ecb          	fnmsub.d	ft9,fa4,fa4,ft1,rup
  100fe4:	3d48                	fld	fa0,184(a0)
  100fe6:	f36a                	fsw	fs10,164(sp)
  100fe8:	44cd                	li	s1,19
  100fea:	f11d                	bnez	a0,100f10 <data+0xf0c>
  100fec:	fcdd                	bnez	s1,100faa <data+0xfa6>
  100fee:	e5f8                	fsw	fa4,76(a1)
  100ff0:	0911d3b3          	0x911d3b3
  100ff4:	d6b9                	beqz	a3,100f42 <data+0xf3e>
  100ff6:	ed4d                	bnez	a0,1010b0 <_end+0xa8>
  100ff8:	faf96b63          	bltu	s2,a5,1007ae <data+0x7aa>
  100ffc:	4bf6                	lw	s7,92(sp)
  100ffe:	0890                	addi	a2,sp,80
  101000:	0fdc9923          	sh	t4,242(s9)
  101004:	0000                	unimp
	...

セクション .stack の逆アセンブル:

00101008 <_heap_end>:
	...

セクション .uncached_RAM の逆アセンブル:

7ff00000 <_vram_base>:
	...

セクション .stab の逆アセンブル:

00000000 <.stab>:
   0:	0001                	nop
   2:	0000                	unimp
   4:	0000                	unimp
   6:	001e                	c.slli	zero,0x7
   8:	0060                	addi	s0,sp,12
   a:	0000                	unimp
   c:	0000000b          	0xb
  10:	0064                	addi	s1,sp,12
  12:	0000                	unimp
  14:	0080                	addi	s0,sp,64
  16:	0000                	unimp
  18:	0001                	nop
  1a:	0000                	unimp
  1c:	0064                	addi	s1,sp,12
  1e:	0000                	unimp
  20:	0080                	addi	s0,sp,64
  22:	0000                	unimp
  24:	0000                	unimp
  26:	0000                	unimp
  28:	0044                	addi	s1,sp,4
  2a:	001a                	c.slli	zero,0x6
	...
  34:	0044                	addi	s1,sp,4
  36:	0004001b          	0x4001b
  3a:	0000                	unimp
  3c:	0000                	unimp
  3e:	0000                	unimp
  40:	0044                	addi	s1,sp,4
  42:	001c                	0x1c
  44:	0008                	0x8
  46:	0000                	unimp
  48:	0000                	unimp
  4a:	0000                	unimp
  4c:	0044                	addi	s1,sp,4
  4e:	001d                	c.nop	7
  50:	000c                	0xc
  52:	0000                	unimp
  54:	0000                	unimp
  56:	0000                	unimp
  58:	0044                	addi	s1,sp,4
  5a:	001e                	c.slli	zero,0x7
  5c:	0010                	0x10
  5e:	0000                	unimp
  60:	0000                	unimp
  62:	0000                	unimp
  64:	0044                	addi	s1,sp,4
  66:	001f 0014 0000      	0x14001f
  6c:	0000                	unimp
  6e:	0000                	unimp
  70:	0044                	addi	s1,sp,4
  72:	0020                	addi	s0,sp,8
  74:	0018                	0x18
  76:	0000                	unimp
  78:	0000                	unimp
  7a:	0000                	unimp
  7c:	0044                	addi	s1,sp,4
  7e:	0021                	c.nop	8
  80:	001c                	0x1c
  82:	0000                	unimp
  84:	0000                	unimp
  86:	0000                	unimp
  88:	0044                	addi	s1,sp,4
  8a:	0022                	c.slli	zero,0x8
  8c:	0020                	addi	s0,sp,8
  8e:	0000                	unimp
  90:	0000                	unimp
  92:	0000                	unimp
  94:	0044                	addi	s1,sp,4
  96:	00240023          	sb	sp,0(s0) # 1c000 <__stack_size+0x1b000>
  9a:	0000                	unimp
  9c:	0000                	unimp
  9e:	0000                	unimp
  a0:	0044                	addi	s1,sp,4
  a2:	0024                	addi	s1,sp,8
  a4:	0028                	addi	a0,sp,8
  a6:	0000                	unimp
  a8:	0000                	unimp
  aa:	0000                	unimp
  ac:	0044                	addi	s1,sp,4
  ae:	0025                	c.nop	9
  b0:	002c                	addi	a1,sp,8
  b2:	0000                	unimp
  b4:	0000                	unimp
  b6:	0000                	unimp
  b8:	0044                	addi	s1,sp,4
  ba:	0026                	c.slli	zero,0x9
  bc:	0030                	addi	a2,sp,8
  be:	0000                	unimp
  c0:	0000                	unimp
  c2:	0000                	unimp
  c4:	0044                	addi	s1,sp,4
  c6:	00340027          	0x340027
  ca:	0000                	unimp
  cc:	0000                	unimp
  ce:	0000                	unimp
  d0:	0044                	addi	s1,sp,4
  d2:	0028                	addi	a0,sp,8
  d4:	0038                	addi	a4,sp,8
  d6:	0000                	unimp
  d8:	0000                	unimp
  da:	0000                	unimp
  dc:	0044                	addi	s1,sp,4
  de:	0029                	c.nop	10
  e0:	003c                	addi	a5,sp,8
  e2:	0000                	unimp
  e4:	0000                	unimp
  e6:	0000                	unimp
  e8:	0044                	addi	s1,sp,4
  ea:	003c                	addi	a5,sp,8
  ec:	0040                	addi	s0,sp,4
  ee:	0000                	unimp
  f0:	0000                	unimp
  f2:	0000                	unimp
  f4:	0044                	addi	s1,sp,4
  f6:	0044003f 00000000 	0x44003f
  fe:	0000                	unimp
 100:	0044                	addi	s1,sp,4
 102:	0040                	addi	s0,sp,4
 104:	0048                	addi	a0,sp,4
 106:	0000                	unimp
 108:	0000                	unimp
 10a:	0000                	unimp
 10c:	0044                	addi	s1,sp,4
 10e:	0041                	c.nop	16
 110:	004c                	addi	a1,sp,4
 112:	0000                	unimp
 114:	0000                	unimp
 116:	0000                	unimp
 118:	0044                	addi	s1,sp,4
 11a:	0050                	addi	a2,sp,4
 11c:	0050                	addi	a2,sp,4
 11e:	0000                	unimp
 120:	0000                	unimp
 122:	0000                	unimp
 124:	0044                	addi	s1,sp,4
 126:	0052                	c.slli	zero,0x14
 128:	0058                	addi	a4,sp,4
 12a:	0000                	unimp
 12c:	0000                	unimp
 12e:	0000                	unimp
 130:	0044                	addi	s1,sp,4
 132:	005a                	c.slli	zero,0x16
 134:	0060                	addi	s0,sp,12
 136:	0000                	unimp
 138:	0000                	unimp
 13a:	0000                	unimp
 13c:	0044                	addi	s1,sp,4
 13e:	0064005b          	0x64005b
 142:	0000                	unimp
 144:	0000                	unimp
 146:	0000                	unimp
 148:	0044                	addi	s1,sp,4
 14a:	005c                	addi	a5,sp,4
 14c:	0068                	addi	a0,sp,12
 14e:	0000                	unimp
 150:	0000                	unimp
 152:	0000                	unimp
 154:	0044                	addi	s1,sp,4
 156:	005e                	c.slli	zero,0x17
 158:	0070                	addi	a2,sp,12
 15a:	0000                	unimp
 15c:	0000                	unimp
 15e:	0000                	unimp
 160:	0044                	addi	s1,sp,4
 162:	005f 0074 0000      	0x74005f
 168:	0000                	unimp
 16a:	0000                	unimp
 16c:	0044                	addi	s1,sp,4
 16e:	0060                	addi	s0,sp,12
 170:	0078                	addi	a4,sp,12
	...

セクション .stabstr の逆アセンブル:

00000000 <.stabstr>:
   0:	7300                	flw	fs0,32(a4)
   2:	6174                	flw	fa3,68(a0)
   4:	7472                	flw	fs0,60(sp)
   6:	7075                	c.lui	zero,0xffffd
   8:	732e                	flw	ft6,232(sp)
   a:	2f00                	fld	fs0,24(a4)
   c:	632f7473          	csrrci	s0,0x632,30
  10:	3032                	fld	ft0,296(sp)
  12:	3332                	fld	ft6,296(sp)
  14:	3233632f          	0x3233632f
  18:	3335                	jal	fffffd44 <_vram_base+0x800ffd44>
  1a:	7469672f          	0x7469672f
  1e:	742d                	lui	s0,0xfffeb
  20:	6172                	flw	ft2,28(sp)
  22:	2d646563          	bltu	s0,s6,2ec <main+0x26c>
  26:	6964                	flw	fs1,84(a0)
  28:	2f72                	fld	ft10,280(sp)
  2a:	7672                	flw	fa2,60(sp)
  2c:	2d693233          	0x2d693233
  30:	6970                	flw	fa2,84(a0)
  32:	6570                	flw	fa2,76(a0)
  34:	696c                	flw	fa1,84(a0)
  36:	656e                	flw	fa0,216(sp)
  38:	702d                	c.lui	zero,0xfffeb
  3a:	6f72                	flw	ft10,28(sp)
  3c:	73736563          	bltu	t1,s7,766 <main+0x6e6>
  40:	732f726f          	jal	tp,f7772 <__stack_size+0xf6772>
  44:	6d65                	lui	s10,0x19
  46:	6e69                	lui	t3,0x1a
  48:	642d726f          	jal	tp,d768a <__stack_size+0xd668a>
  4c:	7269                	lui	tp,0xffffa
  4e:	7369722f          	0x7369722f
  52:	6e2d7663          	bleu	sp,s10,73e <main+0x6be>
  56:	2f70                	fld	fa2,216(a4)
  58:	706d6173          	csrrsi	sp,0x706,26
  5c:	656c                	flw	fa1,76(a0)
  5e:	          	0x2f

セクション .debug_info の逆アセンブル:

00000000 <.debug_info>:
   0:	006a                	c.slli	zero,0x1a
   2:	0000                	unimp
   4:	0004                	0x4
   6:	0000                	unimp
   8:	0000                	unimp
   a:	0104                	addi	s1,sp,128
   c:	0066                	c.slli	zero,0x19
   e:	0000                	unimp
  10:	9f0c                	0x9f0c
  12:	0000                	unimp
  14:	0000                	unimp
  16:	0000                	unimp
  18:	8000                	0x8000
  1a:	0000                	unimp
  1c:	2400                	fld	fs0,8(s0)
  1e:	0000                	unimp
  20:	0000                	unimp
  22:	0000                	unimp
  24:	0200                	addi	s0,sp,256
  26:	003d                	c.nop	15
  28:	0000                	unimp
  2a:	0036                	c.slli	zero,0xd
  2c:	0000                	unimp
  2e:	00003603          	0x3603
  32:	ff00                	fsw	fs0,56(a4)
  34:	04040003          	lb	zero,64(s0) # fffeb040 <_vram_base+0x800eb040>
  38:	00005907          	0x5907
  3c:	0500                	addi	s0,sp,640
  3e:	0504                	addi	s1,sp,640
  40:	6e69                	lui	t3,0x1a
  42:	0074                	addi	a3,sp,12
  44:	5406                	lw	s0,96(sp)
  46:	0000                	unimp
  48:	0100                	addi	s0,sp,128
  4a:	00250503          	lb	a0,2(a0)
  4e:	0000                	unimp
  50:	0305                	addi	t1,t1,1
  52:	0004                	0x4
  54:	0010                	0x10
  56:	0000a607          	flw	fa2,0(ra) # 11638d58 <_sp+0x11536d50>
  5a:	0100                	addi	s0,sp,128
  5c:	3d010407          	0x3d010407
  60:	0000                	unimp
  62:	8000                	0x8000
  64:	0000                	unimp
  66:	2400                	fld	fs0,8(s0)
  68:	0000                	unimp
  6a:	0100                	addi	s0,sp,128
  6c:	009c                	addi	a5,sp,64

セクション .debug_abbrev の逆アセンブル:

00000000 <.debug_abbrev>:
   0:	1101                	addi	sp,sp,-32
   2:	2501                	jal	602 <main+0x582>
   4:	130e                	slli	t1,t1,0x23
   6:	1b0e030b          	0x1b0e030b
   a:	110e                	slli	sp,sp,0x23
   c:	1201                	addi	tp,tp,-32
   e:	1006                	c.slli	zero,0x21
  10:	02000017          	auipc	zero,0x2000
  14:	0101                	addi	sp,sp,0
  16:	1349                	addi	t1,t1,-14
  18:	1301                	addi	t1,t1,-32
  1a:	0000                	unimp
  1c:	49002103          	lw	sp,1168(zero) # 490 <main+0x410>
  20:	00052f13          	slti	t5,a0,0
  24:	0400                	addi	s0,sp,512
  26:	0024                	addi	s1,sp,8
  28:	0b3e0b0b          	0xb3e0b0b
  2c:	00000e03          	lb	t3,0(zero) # 0 <_start>
  30:	2405                	jal	250 <main+0x1d0>
  32:	0b00                	addi	s0,sp,400
  34:	030b3e0b          	0x30b3e0b
  38:	0008                	0x8
  3a:	0600                	addi	s0,sp,768
  3c:	0034                	addi	a3,sp,8
  3e:	0b3a0e03          	lb	t3,179(s4) # ffffa0b3 <_vram_base+0x800fa0b3>
  42:	0b390b3b          	0xb390b3b
  46:	1349                	addi	t1,t1,-14
  48:	1802193f 2e070000 	0x2e0700001802193f
  50:	3f00                	fld	fs0,56(a4)
  52:	0319                	addi	t1,t1,6
  54:	3a0e                	fld	fs4,224(sp)
  56:	39053b0b          	0x39053b0b
  5a:	1113490b          	0x1113490b
  5e:	1201                	addi	tp,tp,-32
  60:	4006                	0x4006
  62:	9718                	0x9718
  64:	1942                	slli	s2,s2,0x30
  66:	0000                	unimp
	...

セクション .debug_aranges の逆アセンブル:

00000000 <.debug_aranges>:
   0:	001c                	0x1c
   2:	0000                	unimp
   4:	0002                	c.slli64	zero
   6:	0000                	unimp
   8:	0000                	unimp
   a:	0004                	0x4
   c:	0000                	unimp
   e:	0000                	unimp
  10:	0080                	addi	s0,sp,64
  12:	0000                	unimp
  14:	0024                	addi	s1,sp,8
	...

セクション .debug_line の逆アセンブル:

00000000 <.debug_line>:
   0:	0046                	c.slli	zero,0x11
   2:	0000                	unimp
   4:	0002                	c.slli64	zero
   6:	001d                	c.nop	7
   8:	0000                	unimp
   a:	0101                	addi	sp,sp,0
   c:	000d0efb          	0xd0efb
  10:	0101                	addi	sp,sp,0
  12:	0101                	addi	sp,sp,0
  14:	0000                	unimp
  16:	0100                	addi	s0,sp,128
  18:	0000                	unimp
  1a:	0001                	nop
  1c:	74726f73          	csrrsi	t5,0x747,4
  20:	632e                	flw	ft6,200(sp)
  22:	0000                	unimp
  24:	0000                	unimp
  26:	0500                	addi	s0,sp,640
  28:	0001                	nop
  2a:	0205                	addi	tp,tp,1
  2c:	0080                	addi	s0,sp,64
  2e:	0000                	unimp
  30:	01088703          	lb	a4,16(a7) # e259e010 <_vram_base+0x6269e010>
  34:	0305                	addi	t1,t1,1
  36:	0c090103          	lb	sp,192(s2)
  3a:	0100                	addi	s0,sp,128
  3c:	0105                	addi	sp,sp,1
  3e:	08090103          	lb	sp,128(s2)
  42:	0100                	addi	s0,sp,128
  44:	1009                	c.nop	-30
  46:	0000                	unimp
  48:	0101                	addi	sp,sp,0

セクション .debug_str の逆アセンブル:

00000000 <.debug_str>:
   0:	2f74732f          	0x2f74732f
   4:	32303263          	0x32303263
   8:	33632f33          	0x33632f33
   c:	3532                	fld	fa0,296(sp)
   e:	69672f33          	0x69672f33
  12:	2d74                	fld	fa3,216(a0)
  14:	7274                	flw	fa3,100(a2)
  16:	6361                	lui	t1,0x18
  18:	6465                	lui	s0,0x19
  1a:	642d                	lui	s0,0xb
  1c:	7269                	lui	tp,0xffffa
  1e:	3376722f          	0x3376722f
  22:	6932                	flw	fs2,12(sp)
  24:	702d                	c.lui	zero,0xfffeb
  26:	7069                	c.lui	zero,0xffffa
  28:	6c65                	lui	s8,0x19
  2a:	6e69                	lui	t3,0x1a
  2c:	2d65                	jal	6e4 <main+0x664>
  2e:	7270                	flw	fa2,100(a2)
  30:	7365636f          	jal	t1,56766 <__stack_size+0x55766>
  34:	2f726f73          	csrrsi	t5,0x2f7,4
  38:	696d6573          	csrrsi	a0,0x696,26
  3c:	6f6e                	flw	ft10,216(sp)
  3e:	2d72                	fld	fs10,280(sp)
  40:	6964                	flw	fs1,84(a0)
  42:	2f72                	fld	ft10,280(sp)
  44:	6972                	flw	fs2,28(sp)
  46:	2d766373          	csrrsi	t1,0x2d7,12
  4a:	706e                	flw	ft0,248(sp)
  4c:	6d61732f          	0x6d61732f
  50:	6c70                	flw	fa2,92(s0)
  52:	0065                	c.nop	25
  54:	6164                	flw	fs1,68(a0)
  56:	6174                	flw	fa3,68(a0)
  58:	7500                	flw	fs0,40(a0)
  5a:	736e                	flw	ft6,248(sp)
  5c:	6769                	lui	a4,0x1a
  5e:	656e                	flw	fa0,216(sp)
  60:	2064                	fld	fs1,192(s0)
  62:	6e69                	lui	t3,0x1a
  64:	0074                	addi	a3,sp,12
  66:	20554e47          	fmsub.s	ft8,fa0,ft5,ft4,rmm
  6a:	20373143          	fmadd.s	ft2,fa4,ft3,ft4,rup
  6e:	2e38                	fld	fa4,88(a2)
  70:	2e32                	fld	ft8,264(sp)
  72:	2030                	fld	fa2,64(s0)
  74:	6d2d                	lui	s10,0xb
  76:	7261                	lui	tp,0xffff8
  78:	723d6863          	bltu	s10,gp,7a8 <main+0x728>
  7c:	3376                	fld	ft6,376(sp)
  7e:	6932                	flw	fs2,12(sp)
  80:	2d20                	fld	fs0,88(a0)
  82:	616d                	addi	sp,sp,240
  84:	6962                	flw	fs2,24(sp)
  86:	693d                	lui	s2,0xf
  88:	706c                	flw	fa1,100(s0)
  8a:	2d203233          	0x2d203233
  8e:	662d2067          	0x662d2067
  92:	7266                	flw	ft4,120(sp)
  94:	6565                	lui	a0,0x19
  96:	6e617473          	csrrci	s0,0x6e6,2
  9a:	6964                	flw	fs1,84(a0)
  9c:	676e                	flw	fa4,216(sp)
  9e:	7300                	flw	fs0,32(a4)
  a0:	2e74726f          	jal	tp,47b86 <__stack_size+0x46b86>
  a4:	616d0063          	beq	s10,s6,6a4 <main+0x624>
  a8:	6e69                	lui	t3,0x1a
	...

セクション .comment の逆アセンブル:

00000000 <.comment>:
   0:	3a434347          	fmsub.d	ft6,ft6,ft4,ft7,rmm
   4:	2820                	fld	fs0,80(s0)
   6:	29554e47          	fmsub.s	ft8,fa0,fs5,ft5,rmm
   a:	3820                	fld	fs0,112(s0)
   c:	322e                	fld	ft4,232(sp)
   e:	302e                	fld	ft0,232(sp)
	...

セクション .debug_frame の逆アセンブル:

00000000 <.debug_frame>:
   0:	000c                	0xc
   2:	0000                	unimp
   4:	ffff                	0xffff
   6:	ffff                	0xffff
   8:	0001                	nop
   a:	7c01                	lui	s8,0xfffe0
   c:	0d01                	addi	s10,s10,0
   e:	0002                	c.slli64	zero
  10:	001c                	0x1c
  12:	0000                	unimp
  14:	0000                	unimp
  16:	0000                	unimp
  18:	0080                	addi	s0,sp,64
  1a:	0000                	unimp
  1c:	0024                	addi	s1,sp,8
  1e:	0000                	unimp
  20:	0e44                	addi	s1,sp,788
  22:	4410                	lw	a2,8(s0)
  24:	0188                	addi	a0,sp,192
  26:	0c44                	addi	s1,sp,532
  28:	0008                	0x8
  2a:	c850                	sw	a2,20(s0)
  2c:	0d44                	addi	s1,sp,660
  2e:	0002                	c.slli64	zero
